2026-04-29 10:55:58,784 INFO jobs.background_keepa_scheduler background_keepa_refresh_candidate_skipped asin=B082LJ9QSL reason=sufficient_local_history priority=high staleness=fresh next_eligible_at=2026-04-29T22:55:57.301231+00:00 failures=0
2026-04-29 10:55:58,862 INFO jobs.background_keepa_scheduler background_keepa_refresh_candidate_skipped asin=B00P8XQPY4 reason=sufficient_local_history priority=high staleness=fresh next_eligible_at=2026-04-29T22:55:57.301231+00:00 failures=0
2026-04-29 10:55:58,924 INFO jobs.background_keepa_scheduler background_keepa_refresh_candidate_skipped asin=B0CN41GMDK reason=sufficient_local_history priority=high staleness=fresh next_eligible_at=2026-04-29T16:55:57.301231+00:00 failures=0
2026-04-29 10:55:58,994 INFO jobs.background_keepa_scheduler background_keepa_refresh_candidate_skipped asin=B08X19VZN8 reason=sufficient_local_history priority=high staleness=fresh next_eligible_at=2026-04-29T16:55:57.301231+00:00 failures=0
2026-04-29 10:55:59,060 INFO jobs.background_keepa_scheduler background_keepa_refresh_candidate_skipped asin=B0F1TGSYJ6 reason=sufficient_local_history priority=high staleness=fresh next_eligible_at=2026-04-29T22:55:57.301231+00:00 failures=0
2026-04-29 10:55:59,129 INFO jobs.background_keepa_scheduler background_keepa_refresh_candidate_skipped asin=B0CDCL38KZ reason=sufficient_local_history priority=high staleness=fresh next_eligible_at=2026-04-29T22:55:57.301231+00:00 failures=0
2026-04-29 10:55:59,243 INFO jobs.background_keepa_scheduler background_keepa_refresh_candidate_skipped asin=B098K3H92Z reason=sufficient_local_history priority=high staleness=fresh next_eligible_at=2026-04-29T16:55:57.301231+00:00 failures=0
2026-04-29 10:55:59,313 INFO jobs.background_keepa_scheduler background_keepa_refresh_candidate_skipped asin=B0CPPKNRLJ reason=sufficient_local_history priority=high staleness=fresh next_eligible_at=2026-04-29T16:55:57.301231+00:00 failures=0
2026-04-29 10:55:59,379 INFO jobs.background_keepa_scheduler background_keepa_refresh_candidate_skipped asin=B0CW4HD359 reason=sufficient_local_history priority=high staleness=fresh next_eligible_at=2026-04-29T16:55:57.301231+00:00 failures=0
2026-04-29 10:55:59,448 INFO jobs.background_keepa_scheduler background_keepa_refresh_candidate_skipped asin=B09ZX7MS5B reason=sufficient_local_history priority=high staleness=fresh next_eligible_at=2026-04-29T22:55:57.301231+00:00 failures=0
2026-04-29 10:55:59,517 INFO jobs.background_keepa_scheduler background_keepa_refresh_candidate_skipped asin=B08X6DCJT2 reason=sufficient_local_history priority=high staleness=fresh next_eligible_at=2026-04-29T16:55:57.301231+00:00 failures=0
2026-04-29 10:55:59,587 INFO jobs.background_keepa_scheduler background_keepa_refresh_candidate_skipped asin=B0C2S2J7JP reason=sufficient_local_history priority=high staleness=fresh next_eligible_at=2026-04-29T16:55:57.301231+00:00 failures=0
2026-04-29 10:55:59,656 INFO jobs.background_keepa_scheduler background_keepa_refresh_candidate_skipped asin=B07XLML2YS reason=sufficient_local_history priority=high staleness=fresh next_eligible_at=2026-04-29T22:55:57.301231+00:00 failures=0
2026-04-29 10:55:59,764 INFO jobs.background_keepa_scheduler background_keepa_refresh_candidate_skipped asin=B0GPD3CS8S reason=sufficient_local_history priority=high staleness=fresh next_eligible_at=2026-04-29T16:55:57.301231+00:00 failures=0
2026-04-29 10:55:59,836 INFO jobs.background_keepa_scheduler background_keepa_refresh_candidate_skipped asin=B00E3DVQFS reason=sufficient_local_history priority=high staleness=fresh next_eligible_at=2026-04-29T22:55:57.301231+00:00 failures=0
2026-04-29 10:55:59,910 INFO jobs.background_keepa_scheduler background_keepa_refresh_candidate_skipped asin=B00083CZCK reason=sufficient_local_history priority=high staleness=fresh next_eligible_at=2026-04-29T16:55:57.301231+00:00 failures=0
2026-04-29 10:55:59,979 INFO jobs.background_keepa_scheduler background_keepa_refresh_candidate_skipped asin=B0DZD9DCQC reason=sufficient_local_history priority=high staleness=fresh next_eligible_at=2026-04-29T22:55:57.301231+00:00 failures=0
2026-04-29 10:56:00,048 INFO jobs.background_keepa_scheduler background_keepa_refresh_candidate_skipped asin=B07VP5X239 reason=sufficient_local_history priority=high staleness=fresh next_eligible_at=2026-04-29T22:55:57.301231+00:00 failures=0
2026-04-29 10:56:00,117 INFO jobs.background_keepa_scheduler background_keepa_refresh_candidate_skipped asin=B08GTYFC37 reason=sufficient_local_history priority=high staleness=fresh next_eligible_at=2026-04-29T16:55:57.301231+00:00 failures=0
2026-04-29 10:56:00,188 INFO jobs.background_keepa_scheduler background_keepa_refresh_candidate_skipped asin=B07FW4CZZL reason=sufficient_local_history priority=high staleness=fresh next_eligible_at=2026-04-29T16:55:57.301231+00:00 failures=0
2026-04-29 10:56:00,294 INFO jobs.background_keepa_scheduler background_keepa_refresh_candidate_skipped asin=B07BCP3PYL reason=sufficient_local_history priority=high staleness=fresh next_eligible_at=2026-04-29T16:55:57.301231+00:00 failures=0
2026-04-29 10:56:00,366 INFO jobs.background_keepa_scheduler background_keepa_refresh_candidate_skipped asin=B07RPVQY62 reason=sufficient_local_history priority=high staleness=fresh next_eligible_at=2026-04-29T16:55:57.301231+00:00 failures=0
2026-04-29 10:56:00,437 INFO jobs.background_keepa_scheduler background_keepa_refresh_candidate_skipped asin=B0CQMWQDH4 reason=sufficient_local_history priority=high staleness=fresh next_eligible_at=2026-04-29T16:55:57.301231+00:00 failures=0
2026-04-29 10:56:00,506 INFO jobs.background_keepa_scheduler background_keepa_refresh_candidate_skipped asin=B07YYJRXQR reason=sufficient_local_history priority=high staleness=fresh next_eligible_at=2026-04-29T16:55:57.301231+00:00 failures=0
2026-04-29 10:56:00,572 INFO jobs.background_keepa_scheduler background_keepa_refresh_candidate_skipped asin=B0BGXZRKQN reason=sufficient_local_history priority=high staleness=fresh next_eligible_at=2026-04-29T16:55:57.301231+00:00 failures=0
2026-04-29 10:56:00,639 INFO jobs.background_keepa_scheduler background_keepa_refresh_candidate_skipped asin=B0BWCVYFLC reason=sufficient_local_history priority=high staleness=fresh next_eligible_at=2026-04-29T16:55:57.301231+00:00 failures=0
2026-04-29 10:56:00,710 INFO jobs.background_keepa_scheduler background_keepa_refresh_candidate_skipped asin=B00LH3DMUO reason=sufficient_local_history priority=high staleness=fresh next_eligible_at=2026-04-29T16:55:57.301231+00:00 failures=0
2026-04-29 10:56:00,814 INFO jobs.background_keepa_scheduler background_keepa_refresh_candidate_skipped asin=B0CX9CVS9Q reason=sufficient_local_history priority=high staleness=fresh next_eligible_at=2026-04-29T16:55:57.301231+00:00 failures=0
2026-04-29 10:56:00,883 INFO jobs.background_keepa_scheduler background_keepa_refresh_candidate_skipped asin=B0DFHFM1X9 reason=sufficient_local_history priority=high staleness=fresh next_eligible_at=2026-04-29T16:55:57.301231+00:00 failures=0
2026-04-29 10:56:00,953 INFO jobs.background_keepa_scheduler background_keepa_refresh_candidate_skipped asin=B015CH1NAQ reason=sufficient_local_history priority=normal staleness=fresh next_eligible_at=2026-04-30T10:55:57.301231+00:00 failures=0
2026-04-29 10:56:01,032 INFO jobs.background_keepa_scheduler background_keepa_refresh_candidate_skipped asin=B0DRCX34LQ reason=sufficient_local_history priority=high staleness=fresh next_eligible_at=2026-04-29T16:55:57.301231+00:00 failures=0
2026-04-29 10:56:01,100 INFO jobs.background_keepa_scheduler background_keepa_refresh_candidate_skipped asin=B07SYB38Q8 reason=sufficient_local_history priority=high staleness=fresh next_eligible_at=2026-04-29T16:55:57.301231+00:00 failures=0
2026-04-29 10:56:01,163 INFO jobs.background_keepa_scheduler background_keepa_refresh_candidate_skipped asin=B0F7ZFWVTC reason=sufficient_local_history priority=high staleness=fresh next_eligible_at=2026-04-29T16:55:57.301231+00:00 failures=0
2026-04-29 10:56:01,234 INFO jobs.background_keepa_scheduler background_keepa_refresh_candidate_skipped asin=B0FKH7MNLW reason=sufficient_local_history priority=high staleness=fresh next_eligible_at=2026-04-29T16:55:57.301231+00:00 failures=0
2026-04-29 10:56:01,339 INFO jobs.background_keepa_scheduler background_keepa_refresh_candidate_skipped asin=B0G14W2ZWW reason=sufficient_local_history priority=high staleness=fresh next_eligible_at=2026-04-29T16:55:57.301231+00:00 failures=0
2026-04-29 10:56:01,410 INFO jobs.background_keepa_scheduler background_keepa_refresh_candidate_skipped asin=B01EXDG2MO reason=sufficient_local_history priority=high staleness=fresh next_eligible_at=2026-04-29T16:55:57.301231+00:00 failures=0
2026-04-29 10:56:01,474 INFO jobs.background_keepa_scheduler background_keepa_refresh_candidate_skipped asin=B0DH1CQ5RL reason=sufficient_local_history priority=high staleness=fresh next_eligible_at=2026-04-29T16:55:57.301231+00:00 failures=0
2026-04-29 10:56:01,543 INFO jobs.background_keepa_scheduler background_keepa_refresh_candidate_skipped asin=B0FBRC83SX reason=sufficient_local_history priority=high staleness=fresh next_eligible_at=2026-04-29T16:55:57.301231+00:00 failures=0
2026-04-29 10:56:01,617 INFO jobs.background_keepa_scheduler background_keepa_refresh_candidate_skipped asin=B0B6148YKN reason=sufficient_local_history priority=high staleness=fresh next_eligible_at=2026-04-29T16:55:57.301231+00:00 failures=0
2026-04-29 10:56:01,685 INFO jobs.background_keepa_scheduler background_keepa_refresh_candidate_skipped asin=B07CRG94G3 reason=sufficient_local_history priority=high staleness=fresh next_eligible_at=2026-04-29T16:55:57.301231+00:00 failures=0
2026-04-29 10:56:01,752 INFO jobs.background_keepa_scheduler background_keepa_refresh_candidate_skipped asin=B0CK5ZQQXJ reason=sufficient_local_history priority=high staleness=fresh next_eligible_at=2026-04-29T16:55:57.301231+00:00 failures=0
2026-04-29 10:56:01,865 INFO jobs.background_keepa_scheduler background_keepa_refresh_candidate_skipped asin=B0G5PXKTVZ reason=sufficient_local_history priority=high staleness=fresh next_eligible_at=2026-04-29T22:55:57.301231+00:00 failures=0
2026-04-29 10:56:01,934 INFO jobs.background_keepa_scheduler background_keepa_refresh_candidate_skipped asin=B0DBM2QF8F reason=sufficient_local_history priority=high staleness=fresh next_eligible_at=2026-04-29T16:55:57.301231+00:00 failures=0
2026-04-29 10:56:02,006 INFO jobs.background_keepa_scheduler background_keepa_refresh_candidate_skipped asin=B002N6ZEFA reason=sufficient_local_history priority=high staleness=fresh next_eligible_at=2026-04-29T16:55:57.301231+00:00 failures=0
2026-04-29 10:56:02,072 INFO jobs.background_keepa_scheduler background_keepa_refresh_candidate_skipped asin=B0F457M449 reason=sufficient_local_history priority=high staleness=fresh next_eligible_at=2026-04-29T16:55:57.301231+00:00 failures=0
2026-04-29 10:56:02,142 INFO jobs.background_keepa_scheduler background_keepa_refresh_candidate_skipped asin=B0842XH3GK reason=sufficient_local_history priority=high staleness=fresh next_eligible_at=2026-04-29T16:55:57.301231+00:00 failures=0
2026-04-29 10:56:02,209 INFO jobs.background_keepa_scheduler background_keepa_refresh_candidate_skipped asin=B0FT2TC2NW reason=sufficient_local_history priority=high staleness=fresh next_eligible_at=2026-04-29T16:55:57.301231+00:00 failures=0
2026-04-29 10:56:02,280 INFO jobs.background_keepa_scheduler background_keepa_refresh_candidate_skipped asin=B00DQGBYDC reason=sufficient_local_history priority=high staleness=fresh next_eligible_at=2026-04-29T16:55:57.301231+00:00 failures=0
2026-04-29 10:56:02,390 INFO jobs.background_keepa_scheduler background_keepa_refresh_candidate_skipped asin=B093LMS7XR reason=sufficient_local_history priority=high staleness=fresh next_eligible_at=2026-04-29T16:55:57.301231+00:00 failures=0
2026-04-29 10:56:02,455 INFO jobs.background_keepa_scheduler background_keepa_refresh_candidate_skipped asin=B0FWKC6J35 reason=sufficient_local_history priority=high staleness=fresh next_eligible_at=2026-04-29T22:55:57.301231+00:00 failures=0
2026-04-29 10:56:02,518 INFO jobs.background_keepa_scheduler background_keepa_refresh_candidate_skipped asin=B0G3TV1RXH reason=sufficient_local_history priority=high staleness=fresh next_eligible_at=2026-04-29T22:55:57.301231+00:00 failures=0
2026-04-29 10:56:02,584 INFO jobs.background_keepa_scheduler background_keepa_refresh_candidate_skipped asin=B0DR2V57MR reason=sufficient_local_history priority=high staleness=fresh next_eligible_at=2026-04-29T16:55:57.301231+00:00 failures=0
2026-04-29 10:56:02,650 INFO jobs.background_keepa_scheduler background_keepa_refresh_candidate_skipped asin=B0C38WRWTS reason=sufficient_local_history priority=high staleness=fresh next_eligible_at=2026-04-29T16:55:57.301231+00:00 failures=0
2026-04-29 10:56:02,721 INFO jobs.background_keepa_scheduler background_keepa_refresh_candidate_skipped asin=B0C1DJWGYV reason=sufficient_local_history priority=high staleness=fresh next_eligible_at=2026-04-29T16:55:57.301231+00:00 failures=0
2026-04-29 10:56:02,788 INFO jobs.background_keepa_scheduler background_keepa_refresh_candidate_skipped asin=B0F3HZ9P5W reason=sufficient_local_history priority=high staleness=fresh next_eligible_at=2026-04-29T16:55:57.301231+00:00 failures=0
2026-04-29 10:56:02,914 INFO jobs.background_keepa_scheduler background_keepa_refresh_candidate_skipped asin=B0DZDC1TBW reason=sufficient_local_history priority=high staleness=fresh next_eligible_at=2026-04-29T16:55:57.301231+00:00 failures=0
2026-04-29 10:56:02,982 INFO jobs.background_keepa_scheduler background_keepa_refresh_candidate_skipped asin=B0FKH9FXGY reason=sufficient_local_history priority=high staleness=fresh next_eligible_at=2026-04-29T16:55:57.301231+00:00 failures=0
2026-04-29 10:56:03,048 INFO jobs.background_keepa_scheduler background_keepa_refresh_candidate_skipped asin=B0B9C3ZVHR reason=sufficient_local_history priority=high staleness=fresh next_eligible_at=2026-04-29T16:55:57.301231+00:00 failures=0
2026-04-29 10:56:03,118 INFO jobs.background_keepa_scheduler background_keepa_refresh_candidate_skipped asin=B0859MDSFX reason=sufficient_local_history priority=high staleness=fresh next_eligible_at=2026-04-29T16:55:57.301231+00:00 failures=0
2026-04-29 10:56:03,187 INFO jobs.background_keepa_scheduler background_keepa_refresh_candidate_skipped asin=B091FS79T8 reason=sufficient_local_history priority=high staleness=fresh next_eligible_at=2026-04-29T16:55:57.301231+00:00 failures=0
2026-04-29 10:56:03,255 INFO jobs.background_keepa_scheduler background_keepa_refresh_candidate_skipped asin=B0CL577P1S reason=sufficient_local_history priority=high staleness=fresh next_eligible_at=2026-04-29T16:55:57.301231+00:00 failures=0
2026-04-29 10:56:03,324 INFO jobs.background_keepa_scheduler background_keepa_refresh_candidate_skipped asin=B0F8Q1SD52 reason=sufficient_local_history priority=high staleness=fresh next_eligible_at=2026-04-29T16:55:57.301231+00:00 failures=0
2026-04-29 10:56:03,438 INFO jobs.background_keepa_scheduler background_keepa_refresh_candidate_skipped asin=B0CX9CT3ZF reason=sufficient_local_history priority=high staleness=fresh next_eligible_at=2026-04-29T16:55:57.301231+00:00 failures=0
2026-04-29 10:56:03,504 INFO jobs.background_keepa_scheduler background_keepa_refresh_candidate_skipped asin=B0DS24YLFM reason=sufficient_local_history priority=high staleness=fresh next_eligible_at=2026-04-29T16:55:57.301231+00:00 failures=0
2026-04-29 10:56:03,567 INFO jobs.background_keepa_scheduler background_keepa_refresh_candidate_skipped asin=B0GTR478LJ reason=sufficient_local_history priority=high staleness=fresh next_eligible_at=2026-04-29T16:55:57.301231+00:00 failures=0
2026-04-29 10:56:03,635 INFO jobs.background_keepa_scheduler background_keepa_refresh_candidate_skipped asin=B0FT2TYMR6 reason=sufficient_local_history priority=high staleness=fresh next_eligible_at=2026-04-29T16:55:57.301231+00:00 failures=0
2026-04-29 10:56:03,704 INFO jobs.background_keepa_scheduler background_keepa_refresh_candidate_skipped asin=B00CWNMV4G reason=sufficient_local_history priority=high staleness=fresh next_eligible_at=2026-04-29T16:55:57.301231+00:00 failures=0
2026-04-29 10:56:03,769 INFO jobs.background_keepa_scheduler background_keepa_refresh_candidate_skipped asin=B0DSPVK9QJ reason=sufficient_local_history priority=high staleness=fresh next_eligible_at=2026-04-29T16:55:57.301231+00:00 failures=0
2026-04-29 10:56:03,851 INFO jobs.background_keepa_scheduler background_keepa_refresh_candidate_skipped asin=B093C9B1HK reason=sufficient_local_history priority=high staleness=fresh next_eligible_at=2026-04-29T16:55:57.301231+00:00 failures=0
2026-04-29 10:56:03,960 INFO jobs.background_keepa_scheduler background_keepa_refresh_candidate_skipped asin=B0CWL75W9S reason=sufficient_local_history priority=high staleness=fresh next_eligible_at=2026-04-29T16:55:57.301231+00:00 failures=0
2026-04-29 10:56:04,028 INFO jobs.background_keepa_scheduler background_keepa_refresh_candidate_skipped asin=B0BXWTFNKD reason=sufficient_local_history priority=high staleness=fresh next_eligible_at=2026-04-29T16:55:57.301231+00:00 failures=0
2026-04-29 10:56:04,096 INFO jobs.background_keepa_scheduler background_keepa_refresh_candidate_skipped asin=B096XZHK49 reason=sufficient_local_history priority=high staleness=fresh next_eligible_at=2026-04-29T16:55:57.301231+00:00 failures=0
2026-04-29 10:56:04,228 INFO jobs.background_keepa_scheduler background_keepa_refresh_candidate_skipped asin=B093CC7XJQ reason=sufficient_local_history priority=high staleness=fresh next_eligible_at=2026-04-29T16:55:57.301231+00:00 failures=0
2026-04-29 10:56:04,293 INFO jobs.background_keepa_scheduler background_keepa_refresh_candidate_skipped asin=B093CBYWSL reason=sufficient_local_history priority=high staleness=fresh next_eligible_at=2026-04-29T16:55:57.301231+00:00 failures=0
2026-04-29 10:56:04,354 INFO jobs.background_keepa_scheduler background_keepa_refresh_candidate_skipped asin=B0DSK5Y8XV reason=sufficient_local_history priority=high staleness=fresh next_eligible_at=2026-04-29T16:55:57.301231+00:00 failures=0
2026-04-29 10:56:04,487 INFO jobs.background_keepa_scheduler background_keepa_refresh_candidate_skipped asin=B0882TZ8PV reason=sufficient_local_history priority=high staleness=fresh next_eligible_at=2026-04-29T16:55:57.301231+00:00 failures=0
2026-04-29 10:56:04,556 INFO jobs.background_keepa_scheduler background_keepa_refresh_candidate_skipped asin=B07H28QRKN reason=sufficient_local_history priority=high staleness=fresh next_eligible_at=2026-04-29T16:55:57.301231+00:00 failures=0
2026-04-29 10:56:04,623 INFO jobs.background_keepa_scheduler background_keepa_refresh_candidate_skipped asin=B08JD5PV9F reason=sufficient_local_history priority=high staleness=fresh next_eligible_at=2026-04-29T16:55:57.301231+00:00 failures=0
2026-04-29 10:56:04,691 INFO jobs.background_keepa_scheduler background_keepa_refresh_candidate_skipped asin=B085S2147W reason=sufficient_local_history priority=high staleness=fresh next_eligible_at=2026-04-29T16:55:57.301231+00:00 failures=0
2026-04-29 10:56:04,760 INFO jobs.background_keepa_scheduler background_keepa_refresh_candidate_skipped asin=B077JYPBWT reason=sufficient_local_history priority=high staleness=fresh next_eligible_at=2026-04-29T16:55:57.301231+00:00 failures=0
2026-04-29 10:56:04,826 INFO jobs.background_keepa_scheduler background_keepa_refresh_candidate_skipped asin=B0FKH5XJ4G reason=sufficient_local_history priority=high staleness=fresh next_eligible_at=2026-04-29T16:55:57.301231+00:00 failures=0
2026-04-29 10:56:04,896 INFO jobs.background_keepa_scheduler background_keepa_refresh_candidate_skipped asin=B0FQGF73WS reason=sufficient_local_history priority=high staleness=fresh next_eligible_at=2026-04-29T22:55:57.301231+00:00 failures=0
2026-04-29 10:56:05,011 INFO jobs.background_keepa_scheduler background_keepa_refresh_candidate_skipped asin=B096FJ6Z1Q reason=sufficient_local_history priority=high staleness=fresh next_eligible_at=2026-04-29T16:55:57.301231+00:00 failures=0
2026-04-29 10:56:05,074 INFO jobs.background_keepa_scheduler background_keepa_refresh_candidate_skipped asin=B0FMQ1DNBS reason=sufficient_local_history priority=high staleness=fresh next_eligible_at=2026-04-29T16:55:57.301231+00:00 failures=0
2026-04-29 10:56:05,197 INFO jobs.background_keepa_scheduler background_keepa_refresh_started tracked_asins=100 eligible_asins=0
2026-04-29 10:56:05,198 INFO jobs.background_keepa_scheduler background_keepa_refresh_complete tracked_asins=100 eligible_asins=0 fetched_products=0 accepted=0 rejected=0 failed_batches=0
2026-04-29 10:59:17,305 INFO jobs.background_keepa_scheduler background_keepa_scheduler_stopped
2026-04-29 10:59:18,078 INFO jobs.background_keepa_scheduler background_keepa_scheduler_started interval_seconds=600
2026-04-29 10:59:24,706 INFO jobs.background_keepa_scheduler background_keepa_scheduler_stopped
2026-04-29 10:59:25,427 INFO jobs.background_keepa_scheduler background_keepa_scheduler_started interval_seconds=600
2026-04-29 10:59:28,785 INFO jobs.background_keepa_scheduler background_keepa_scheduler_stopped
2026-04-29 10:59:29,524 INFO jobs.background_keepa_scheduler background_keepa_scheduler_started interval_seconds=600
2026-04-29 10:59:32,245 INFO jobs.background_keepa_scheduler background_keepa_scheduler_stopped
2026-04-29 10:59:33,001 INFO jobs.background_keepa_scheduler background_keepa_scheduler_started interval_seconds=600
2026-04-29 10:59:35,637 INFO jobs.background_keepa_scheduler background_keepa_scheduler_stopped
2026-04-29 10:59:36,379 INFO jobs.background_keepa_scheduler background_keepa_scheduler_started interval_seconds=600
2026-04-29 10:59:39,821 INFO jobs.background_keepa_scheduler background_keepa_scheduler_stopped
2026-04-29 10:59:40,556 INFO jobs.background_keepa_scheduler background_keepa_scheduler_started interval_seconds=600
2026-04-29 10:59:49,713 INFO jobs.background_keepa_scheduler background_keepa_refresh_candidate_skipped asin=B0DPHMRS9V reason=sufficient_local_history priority=high staleness=fresh next_eligible_at=2026-04-29T16:59:49.635455+00:00 failures=0
2026-04-29 10:59:49,782 INFO jobs.background_keepa_scheduler background_keepa_refresh_candidate_skipped asin=B0F38FCHD2 reason=sufficient_local_history priority=high staleness=fresh next_eligible_at=2026-04-29T16:59:49.635455+00:00 failures=0
2026-04-29 10:59:49,929 INFO jobs.background_keepa_scheduler background_keepa_refresh_candidate_skipped asin=B0GSVMN86R reason=sufficient_local_history priority=high staleness=fresh next_eligible_at=2026-04-29T16:59:49.635455+00:00 failures=0
2026-04-29 10:59:49,996 INFO jobs.background_keepa_scheduler background_keepa_refresh_candidate_skipped asin=B0G2BRFB7W reason=sufficient_local_history priority=high staleness=fresh next_eligible_at=2026-04-29T22:59:49.635455+00:00 failures=0
2026-04-29 10:59:50,066 INFO jobs.background_keepa_scheduler background_keepa_refresh_candidate_skipped asin=B0FX9Y2PBR reason=sufficient_local_history priority=high staleness=fresh next_eligible_at=2026-04-29T16:59:49.635455+00:00 failures=0
2026-04-29 10:59:50,198 INFO jobs.background_keepa_scheduler background_keepa_refresh_candidate_skipped asin=B095SYK1R9 reason=sufficient_local_history priority=high staleness=fresh next_eligible_at=2026-04-29T16:59:49.635455+00:00 failures=0
2026-04-29 10:59:50,267 INFO jobs.background_keepa_scheduler background_keepa_refresh_candidate_skipped asin=B0CXTL4DBP reason=sufficient_local_history priority=high staleness=fresh next_eligible_at=2026-04-29T16:59:49.635455+00:00 failures=0
2026-04-29 10:59:50,332 INFO jobs.background_keepa_scheduler background_keepa_refresh_candidate_skipped asin=B0G6D3MQ6Y reason=sufficient_local_history priority=high staleness=fresh next_eligible_at=2026-04-29T16:59:49.635455+00:00 failures=0
2026-04-29 10:59:50,456 INFO jobs.background_keepa_scheduler background_keepa_refresh_candidate_skipped asin=B095CLQ1PT reason=sufficient_local_history priority=high staleness=fresh next_eligible_at=2026-04-29T22:59:49.635455+00:00 failures=0
2026-04-29 10:59:50,523 INFO jobs.background_keepa_scheduler background_keepa_refresh_candidate_skipped asin=B0DZ75RKZH reason=sufficient_local_history priority=high staleness=fresh next_eligible_at=2026-04-29T16:59:49.635455+00:00 failures=0
2026-04-29 10:59:50,589 INFO jobs.background_keepa_scheduler background_keepa_refresh_candidate_skipped asin=B0CL573PRH reason=sufficient_local_history priority=high staleness=fresh next_eligible_at=2026-04-29T22:59:49.635455+00:00 failures=0
2026-04-29 10:59:50,659 INFO jobs.background_keepa_scheduler background_keepa_refresh_candidate_skipped asin=B09B8X9RGM reason=sufficient_local_history priority=high staleness=fresh next_eligible_at=2026-04-29T16:59:49.635455+00:00 failures=0
2026-04-29 10:59:50,725 INFO jobs.background_keepa_scheduler background_keepa_refresh_candidate_skipped asin=B07MLFBJG3 reason=sufficient_local_history priority=high staleness=fresh next_eligible_at=2026-04-29T16:59:49.635455+00:00 failures=0
2026-04-29 10:59:50,794 INFO jobs.background_keepa_scheduler background_keepa_refresh_candidate_skipped asin=B007B9NXAC reason=sufficient_local_history priority=high staleness=fresh next_eligible_at=2026-04-29T22:59:49.635455+00:00 failures=0
2026-04-29 10:59:50,859 INFO jobs.background_keepa_scheduler background_keepa_refresh_candidate_skipped asin=B0F4548TCQ reason=sufficient_local_history priority=high staleness=fresh next_eligible_at=2026-04-29T22:59:49.635455+00:00 failures=0
2026-04-29 10:59:50,979 INFO jobs.background_keepa_scheduler background_keepa_refresh_candidate_skipped asin=B0GJZH9V76 reason=sufficient_local_history priority=high staleness=fresh next_eligible_at=2026-04-29T16:59:49.635455+00:00 failures=0
2026-04-29 10:59:51,045 INFO jobs.background_keepa_scheduler background_keepa_refresh_candidate_skipped asin=B082LJ9QSL reason=sufficient_local_history priority=high staleness=fresh next_eligible_at=2026-04-29T22:59:49.635455+00:00 failures=0
2026-04-29 10:59:51,113 INFO jobs.background_keepa_scheduler background_keepa_refresh_candidate_skipped asin=B00P8XQPY4 reason=sufficient_local_history priority=high staleness=fresh next_eligible_at=2026-04-29T22:59:49.635455+00:00 failures=0
2026-04-29 10:59:51,178 INFO jobs.background_keepa_scheduler background_keepa_refresh_candidate_skipped asin=B0CN41GMDK reason=sufficient_local_history priority=high staleness=fresh next_eligible_at=2026-04-29T16:59:49.635455+00:00 failures=0
2026-04-29 10:59:51,246 INFO jobs.background_keepa_scheduler background_keepa_refresh_candidate_skipped asin=B08X19VZN8 reason=sufficient_local_history priority=high staleness=fresh next_eligible_at=2026-04-29T16:59:49.635455+00:00 failures=0
2026-04-29 10:59:51,310 INFO jobs.background_keepa_scheduler background_keepa_refresh_candidate_skipped asin=B0F1TGSYJ6 reason=sufficient_local_history priority=high staleness=fresh next_eligible_at=2026-04-29T22:59:49.635455+00:00 failures=0
2026-04-29 10:59:51,379 INFO jobs.background_keepa_scheduler background_keepa_refresh_candidate_skipped asin=B0CDCL38KZ reason=sufficient_local_history priority=high staleness=fresh next_eligible_at=2026-04-29T22:59:49.635455+00:00 failures=0
2026-04-29 10:59:51,505 INFO jobs.background_keepa_scheduler background_keepa_refresh_candidate_skipped asin=B098K3H92Z reason=sufficient_local_history priority=high staleness=fresh next_eligible_at=2026-04-29T16:59:49.635455+00:00 failures=0
2026-04-29 10:59:51,572 INFO jobs.background_keepa_scheduler background_keepa_refresh_candidate_skipped asin=B0CPPKNRLJ reason=sufficient_local_history priority=high staleness=fresh next_eligible_at=2026-04-29T16:59:49.635455+00:00 failures=0
2026-04-29 10:59:51,635 INFO jobs.background_keepa_scheduler background_keepa_refresh_candidate_skipped asin=B0CW4HD359 reason=sufficient_local_history priority=high staleness=fresh next_eligible_at=2026-04-29T16:59:49.635455+00:00 failures=0
2026-04-29 10:59:51,701 INFO jobs.background_keepa_scheduler background_keepa_refresh_candidate_skipped asin=B09ZX7MS5B reason=sufficient_local_history priority=high staleness=fresh next_eligible_at=2026-04-29T22:59:49.635455+00:00 failures=0
2026-04-29 10:59:51,768 INFO jobs.background_keepa_scheduler background_keepa_refresh_candidate_skipped asin=B08X6DCJT2 reason=sufficient_local_history priority=high staleness=fresh next_eligible_at=2026-04-29T16:59:49.635455+00:00 failures=0
2026-04-29 10:59:51,835 INFO jobs.background_keepa_scheduler background_keepa_refresh_candidate_skipped asin=B0C2S2J7JP reason=sufficient_local_history priority=high staleness=fresh next_eligible_at=2026-04-29T16:59:49.635455+00:00 failures=0
2026-04-29 10:59:51,902 INFO jobs.background_keepa_scheduler background_keepa_refresh_candidate_skipped asin=B07XLML2YS reason=sufficient_local_history priority=high staleness=fresh next_eligible_at=2026-04-29T22:59:49.635455+00:00 failures=0
2026-04-29 10:59:52,025 INFO jobs.background_keepa_scheduler background_keepa_refresh_candidate_skipped asin=B0GPD3CS8S reason=sufficient_local_history priority=high staleness=fresh next_eligible_at=2026-04-29T16:59:49.635455+00:00 failures=0
2026-04-29 10:59:52,091 INFO jobs.background_keepa_scheduler background_keepa_refresh_candidate_skipped asin=B00E3DVQFS reason=sufficient_local_history priority=high staleness=fresh next_eligible_at=2026-04-29T22:59:49.635455+00:00 failures=0
2026-04-29 10:59:52,159 INFO jobs.background_keepa_scheduler background_keepa_refresh_candidate_skipped asin=B00083CZCK reason=sufficient_local_history priority=high staleness=fresh next_eligible_at=2026-04-29T16:59:49.635455+00:00 failures=0
2026-04-29 10:59:52,225 INFO jobs.background_keepa_scheduler background_keepa_refresh_candidate_skipped asin=B0DZD9DCQC reason=sufficient_local_history priority=high staleness=fresh next_eligible_at=2026-04-29T22:59:49.635455+00:00 failures=0
2026-04-29 10:59:52,292 INFO jobs.background_keepa_scheduler background_keepa_refresh_candidate_skipped asin=B07VP5X239 reason=sufficient_local_history priority=high staleness=fresh next_eligible_at=2026-04-29T22:59:49.635455+00:00 failures=0
2026-04-29 10:59:52,357 INFO jobs.background_keepa_scheduler background_keepa_refresh_candidate_skipped asin=B08GTYFC37 reason=sufficient_local_history priority=high staleness=fresh next_eligible_at=2026-04-29T16:59:49.635455+00:00 failures=0
2026-04-29 10:59:52,425 INFO jobs.background_keepa_scheduler background_keepa_refresh_candidate_skipped asin=B07FW4CZZL reason=sufficient_local_history priority=high staleness=fresh next_eligible_at=2026-04-29T16:59:49.635455+00:00 failures=0
2026-04-29 10:59:52,552 INFO jobs.background_keepa_scheduler background_keepa_refresh_candidate_skipped asin=B07BCP3PYL reason=sufficient_local_history priority=high staleness=fresh next_eligible_at=2026-04-29T16:59:49.635455+00:00 failures=0
2026-04-29 10:59:52,619 INFO jobs.background_keepa_scheduler background_keepa_refresh_candidate_skipped asin=B07RPVQY62 reason=sufficient_local_history priority=high staleness=fresh next_eligible_at=2026-04-29T16:59:49.635455+00:00 failures=0
2026-04-29 10:59:52,685 INFO jobs.background_keepa_scheduler background_keepa_refresh_candidate_skipped asin=B0CQMWQDH4 reason=sufficient_local_history priority=high staleness=fresh next_eligible_at=2026-04-29T16:59:49.635455+00:00 failures=0
2026-04-29 10:59:52,753 INFO jobs.background_keepa_scheduler background_keepa_refresh_candidate_skipped asin=B07YYJRXQR reason=sufficient_local_history priority=high staleness=fresh next_eligible_at=2026-04-29T16:59:49.635455+00:00 failures=0
2026-04-29 10:59:52,821 INFO jobs.background_keepa_scheduler background_keepa_refresh_candidate_skipped asin=B0BGXZRKQN reason=sufficient_local_history priority=high staleness=fresh next_eligible_at=2026-04-29T16:59:49.635455+00:00 failures=0
2026-04-29 10:59:52,888 INFO jobs.background_keepa_scheduler background_keepa_refresh_candidate_skipped asin=B0BWCVYFLC reason=sufficient_local_history priority=high staleness=fresh next_eligible_at=2026-04-29T16:59:49.635455+00:00 failures=0
2026-04-29 10:59:52,957 INFO jobs.background_keepa_scheduler background_keepa_refresh_candidate_skipped asin=B00LH3DMUO reason=sufficient_local_history priority=high staleness=fresh next_eligible_at=2026-04-29T16:59:49.635455+00:00 failures=0
2026-04-29 10:59:53,077 INFO jobs.background_keepa_scheduler background_keepa_refresh_candidate_skipped asin=B0CX9CVS9Q reason=sufficient_local_history priority=high staleness=fresh next_eligible_at=2026-04-29T16:59:49.635455+00:00 failures=0
2026-04-29 10:59:53,147 INFO jobs.background_keepa_scheduler background_keepa_refresh_candidate_skipped asin=B0DFHFM1X9 reason=sufficient_local_history priority=high staleness=fresh next_eligible_at=2026-04-29T16:59:49.635455+00:00 failures=0
2026-04-29 10:59:53,214 INFO jobs.background_keepa_scheduler background_keepa_refresh_candidate_skipped asin=B015CH1NAQ reason=sufficient_local_history priority=normal staleness=fresh next_eligible_at=2026-04-30T10:59:49.635455+00:00 failures=0
2026-04-29 10:59:53,282 INFO jobs.background_keepa_scheduler background_keepa_refresh_candidate_skipped asin=B0DRCX34LQ reason=sufficient_local_history priority=high staleness=fresh next_eligible_at=2026-04-29T16:59:49.635455+00:00 failures=0
2026-04-29 10:59:53,349 INFO jobs.background_keepa_scheduler background_keepa_refresh_candidate_skipped asin=B07SYB38Q8 reason=sufficient_local_history priority=high staleness=fresh next_eligible_at=2026-04-29T16:59:49.635455+00:00 failures=0
2026-04-29 10:59:53,412 INFO jobs.background_keepa_scheduler background_keepa_refresh_candidate_skipped asin=B0F7ZFWVTC reason=sufficient_local_history priority=high staleness=fresh next_eligible_at=2026-04-29T16:59:49.635455+00:00 failures=0
2026-04-29 10:59:53,480 INFO jobs.background_keepa_scheduler background_keepa_refresh_candidate_skipped asin=B0FKH7MNLW reason=sufficient_local_history priority=high staleness=fresh next_eligible_at=2026-04-29T16:59:49.635455+00:00 failures=0
2026-04-29 10:59:53,598 INFO jobs.background_keepa_scheduler background_keepa_refresh_candidate_skipped asin=B0G14W2ZWW reason=sufficient_local_history priority=high staleness=fresh next_eligible_at=2026-04-29T16:59:49.635455+00:00 failures=0
2026-04-29 10:59:53,665 INFO jobs.background_keepa_scheduler background_keepa_refresh_candidate_skipped asin=B01EXDG2MO reason=sufficient_local_history priority=high staleness=fresh next_eligible_at=2026-04-29T16:59:49.635455+00:00 failures=0
2026-04-29 10:59:53,730 INFO jobs.background_keepa_scheduler background_keepa_refresh_candidate_skipped asin=B0DH1CQ5RL reason=sufficient_local_history priority=high staleness=fresh next_eligible_at=2026-04-29T16:59:49.635455+00:00 failures=0
2026-04-29 10:59:53,798 INFO jobs.background_keepa_scheduler background_keepa_refresh_candidate_skipped asin=B0FBRC83SX reason=sufficient_local_history priority=high staleness=fresh next_eligible_at=2026-04-29T16:59:49.635455+00:00 failures=0
2026-04-29 10:59:53,865 INFO jobs.background_keepa_scheduler background_keepa_refresh_candidate_skipped asin=B0B6148YKN reason=sufficient_local_history priority=high staleness=fresh next_eligible_at=2026-04-29T16:59:49.635455+00:00 failures=0
2026-04-29 10:59:53,930 INFO jobs.background_keepa_scheduler background_keepa_refresh_candidate_skipped asin=B07CRG94G3 reason=sufficient_local_history priority=high staleness=fresh next_eligible_at=2026-04-29T16:59:49.635455+00:00 failures=0
2026-04-29 10:59:53,997 INFO jobs.background_keepa_scheduler background_keepa_refresh_candidate_skipped asin=B0CK5ZQQXJ reason=sufficient_local_history priority=high staleness=fresh next_eligible_at=2026-04-29T16:59:49.635455+00:00 failures=0
2026-04-29 10:59:54,125 INFO jobs.background_keepa_scheduler background_keepa_refresh_candidate_skipped asin=B0G5PXKTVZ reason=sufficient_local_history priority=high staleness=fresh next_eligible_at=2026-04-29T22:59:49.635455+00:00 failures=0
2026-04-29 10:59:54,189 INFO jobs.background_keepa_scheduler background_keepa_refresh_candidate_skipped asin=B0DBM2QF8F reason=sufficient_local_history priority=high staleness=fresh next_eligible_at=2026-04-29T16:59:49.635455+00:00 failures=0
2026-04-29 10:59:54,253 INFO jobs.background_keepa_scheduler background_keepa_refresh_candidate_skipped asin=B002N6ZEFA reason=sufficient_local_history priority=high staleness=fresh next_eligible_at=2026-04-29T16:59:49.635455+00:00 failures=0
2026-04-29 10:59:54,319 INFO jobs.background_keepa_scheduler background_keepa_refresh_candidate_skipped asin=B0F457M449 reason=sufficient_local_history priority=high staleness=fresh next_eligible_at=2026-04-29T16:59:49.635455+00:00 failures=0
2026-04-29 10:59:54,388 INFO jobs.background_keepa_scheduler background_keepa_refresh_candidate_skipped asin=B0842XH3GK reason=sufficient_local_history priority=high staleness=fresh next_eligible_at=2026-04-29T16:59:49.635455+00:00 failures=0
2026-04-29 10:59:54,454 INFO jobs.background_keepa_scheduler background_keepa_refresh_candidate_skipped asin=B0FT2TC2NW reason=sufficient_local_history priority=high staleness=fresh next_eligible_at=2026-04-29T16:59:49.635455+00:00 failures=0
2026-04-29 10:59:54,521 INFO jobs.background_keepa_scheduler background_keepa_refresh_candidate_skipped asin=B00DQGBYDC reason=sufficient_local_history priority=high staleness=fresh next_eligible_at=2026-04-29T16:59:49.635455+00:00 failures=0
2026-04-29 10:59:54,650 INFO jobs.background_keepa_scheduler background_keepa_refresh_candidate_skipped asin=B093LMS7XR reason=sufficient_local_history priority=high staleness=fresh next_eligible_at=2026-04-29T16:59:49.635455+00:00 failures=0
2026-04-29 10:59:54,715 INFO jobs.background_keepa_scheduler background_keepa_refresh_candidate_skipped asin=B0FWKC6J35 reason=sufficient_local_history priority=high staleness=fresh next_eligible_at=2026-04-29T22:59:49.635455+00:00 failures=0
2026-04-29 10:59:54,780 INFO jobs.background_keepa_scheduler background_keepa_refresh_candidate_skipped asin=B0G3TV1RXH reason=sufficient_local_history priority=high staleness=fresh next_eligible_at=2026-04-29T22:59:49.635455+00:00 failures=0
2026-04-29 10:59:54,844 INFO jobs.background_keepa_scheduler background_keepa_refresh_candidate_skipped asin=B0DR2V57MR reason=sufficient_local_history priority=high staleness=fresh next_eligible_at=2026-04-29T16:59:49.635455+00:00 failures=0
2026-04-29 10:59:54,909 INFO jobs.background_keepa_scheduler background_keepa_refresh_candidate_skipped asin=B0C38WRWTS reason=sufficient_local_history priority=high staleness=fresh next_eligible_at=2026-04-29T16:59:49.635455+00:00 failures=0
2026-04-29 10:59:54,975 INFO jobs.background_keepa_scheduler background_keepa_refresh_candidate_skipped asin=B0C1DJWGYV reason=sufficient_local_history priority=high staleness=fresh next_eligible_at=2026-04-29T16:59:49.635455+00:00 failures=0
2026-04-29 10:59:55,039 INFO jobs.background_keepa_scheduler background_keepa_refresh_candidate_skipped asin=B0F3HZ9P5W reason=sufficient_local_history priority=high staleness=fresh next_eligible_at=2026-04-29T16:59:49.635455+00:00 failures=0
2026-04-29 10:59:55,174 INFO jobs.background_keepa_scheduler background_keepa_refresh_candidate_skipped asin=B0DZDC1TBW reason=sufficient_local_history priority=high staleness=fresh next_eligible_at=2026-04-29T16:59:49.635455+00:00 failures=0
2026-04-29 10:59:55,243 INFO jobs.background_keepa_scheduler background_keepa_refresh_candidate_skipped asin=B0FKH9FXGY reason=sufficient_local_history priority=high staleness=fresh next_eligible_at=2026-04-29T16:59:49.635455+00:00 failures=0
2026-04-29 10:59:55,310 INFO jobs.background_keepa_scheduler background_keepa_refresh_candidate_skipped asin=B0B9C3ZVHR reason=sufficient_local_history priority=high staleness=fresh next_eligible_at=2026-04-29T16:59:49.635455+00:00 failures=0
2026-04-29 10:59:55,375 INFO jobs.background_keepa_scheduler background_keepa_refresh_candidate_skipped asin=B0859MDSFX reason=sufficient_local_history priority=high staleness=fresh next_eligible_at=2026-04-29T16:59:49.635455+00:00 failures=0
2026-04-29 10:59:55,441 INFO jobs.background_keepa_scheduler background_keepa_refresh_candidate_skipped asin=B091FS79T8 reason=sufficient_local_history priority=high staleness=fresh next_eligible_at=2026-04-29T16:59:49.635455+00:00 failures=0
2026-04-29 10:59:55,506 INFO jobs.background_keepa_scheduler background_keepa_refresh_candidate_skipped asin=B0CL577P1S reason=sufficient_local_history priority=high staleness=fresh next_eligible_at=2026-04-29T16:59:49.635455+00:00 failures=0
2026-04-29 10:59:55,572 INFO jobs.background_keepa_scheduler background_keepa_refresh_candidate_skipped asin=B0F8Q1SD52 reason=sufficient_local_history priority=high staleness=fresh next_eligible_at=2026-04-29T16:59:49.635455+00:00 failures=0
2026-04-29 10:59:55,699 INFO jobs.background_keepa_scheduler background_keepa_refresh_candidate_skipped asin=B0CX9CT3ZF reason=sufficient_local_history priority=high staleness=fresh next_eligible_at=2026-04-29T16:59:49.635455+00:00 failures=0
2026-04-29 10:59:55,764 INFO jobs.background_keepa_scheduler background_keepa_refresh_candidate_skipped asin=B0DS24YLFM reason=sufficient_local_history priority=high staleness=fresh next_eligible_at=2026-04-29T16:59:49.635455+00:00 failures=0
2026-04-29 10:59:55,828 INFO jobs.background_keepa_scheduler background_keepa_refresh_candidate_skipped asin=B0GTR478LJ reason=sufficient_local_history priority=high staleness=fresh next_eligible_at=2026-04-29T16:59:49.635455+00:00 failures=0
2026-04-29 10:59:55,895 INFO jobs.background_keepa_scheduler background_keepa_refresh_candidate_skipped asin=B0FT2TYMR6 reason=sufficient_local_history priority=high staleness=fresh next_eligible_at=2026-04-29T16:59:49.635455+00:00 failures=0
2026-04-29 10:59:55,962 INFO jobs.background_keepa_scheduler background_keepa_refresh_candidate_skipped asin=B00CWNMV4G reason=sufficient_local_history priority=high staleness=fresh next_eligible_at=2026-04-29T16:59:49.635455+00:00 failures=0
2026-04-29 10:59:56,026 INFO jobs.background_keepa_scheduler background_keepa_refresh_candidate_skipped asin=B0DSPVK9QJ reason=sufficient_local_history priority=high staleness=fresh next_eligible_at=2026-04-29T16:59:49.635455+00:00 failures=0
2026-04-29 10:59:56,096 INFO jobs.background_keepa_scheduler background_keepa_refresh_candidate_skipped asin=B093C9B1HK reason=sufficient_local_history priority=high staleness=fresh next_eligible_at=2026-04-29T16:59:49.635455+00:00 failures=0
2026-04-29 10:59:56,220 INFO jobs.background_keepa_scheduler background_keepa_refresh_candidate_skipped asin=B0CWL75W9S reason=sufficient_local_history priority=high staleness=fresh next_eligible_at=2026-04-29T16:59:49.635455+00:00 failures=0
2026-04-29 10:59:56,287 INFO jobs.background_keepa_scheduler background_keepa_refresh_candidate_skipped asin=B0BXWTFNKD reason=sufficient_local_history priority=high staleness=fresh next_eligible_at=2026-04-29T16:59:49.635455+00:00 failures=0
2026-04-29 10:59:56,353 INFO jobs.background_keepa_scheduler background_keepa_refresh_candidate_skipped asin=B096XZHK49 reason=sufficient_local_history priority=high staleness=fresh next_eligible_at=2026-04-29T16:59:49.635455+00:00 failures=0
2026-04-29 10:59:56,424 INFO jobs.background_keepa_scheduler background_keepa_refresh_candidate_skipped asin=B093CC7XJQ reason=sufficient_local_history priority=high staleness=fresh next_eligible_at=2026-04-29T16:59:49.635455+00:00 failures=0
2026-04-29 10:59:56,489 INFO jobs.background_keepa_scheduler background_keepa_refresh_candidate_skipped asin=B093CBYWSL reason=sufficient_local_history priority=high staleness=fresh next_eligible_at=2026-04-29T16:59:49.635455+00:00 failures=0
2026-04-29 10:59:56,552 INFO jobs.background_keepa_scheduler background_keepa_refresh_candidate_skipped asin=B0DSK5Y8XV reason=sufficient_local_history priority=high staleness=fresh next_eligible_at=2026-04-29T16:59:49.635455+00:00 failures=0
2026-04-29 10:59:56,619 INFO jobs.background_keepa_scheduler background_keepa_refresh_candidate_skipped asin=B0882TZ8PV reason=sufficient_local_history priority=high staleness=fresh next_eligible_at=2026-04-29T16:59:49.635455+00:00 failures=0
2026-04-29 10:59:56,747 INFO jobs.background_keepa_scheduler background_keepa_refresh_candidate_skipped asin=B07H28QRKN reason=sufficient_local_history priority=high staleness=fresh next_eligible_at=2026-04-29T16:59:49.635455+00:00 failures=0
2026-04-29 10:59:56,814 INFO jobs.background_keepa_scheduler background_keepa_refresh_candidate_skipped asin=B08JD5PV9F reason=sufficient_local_history priority=high staleness=fresh next_eligible_at=2026-04-29T16:59:49.635455+00:00 failures=0
2026-04-29 10:59:56,881 INFO jobs.background_keepa_scheduler background_keepa_refresh_candidate_skipped asin=B085S2147W reason=sufficient_local_history priority=high staleness=fresh next_eligible_at=2026-04-29T16:59:49.635455+00:00 failures=0
2026-04-29 10:59:56,947 INFO jobs.background_keepa_scheduler background_keepa_refresh_candidate_skipped asin=B077JYPBWT reason=sufficient_local_history priority=high staleness=fresh next_eligible_at=2026-04-29T16:59:49.635455+00:00 failures=0
2026-04-29 10:59:57,015 INFO jobs.background_keepa_scheduler background_keepa_refresh_candidate_skipped asin=B0FKH5XJ4G reason=sufficient_local_history priority=high staleness=fresh next_eligible_at=2026-04-29T16:59:49.635455+00:00 failures=0
2026-04-29 10:59:57,082 INFO jobs.background_keepa_scheduler background_keepa_refresh_candidate_skipped asin=B0FQGF73WS reason=sufficient_local_history priority=high staleness=fresh next_eligible_at=2026-04-29T22:59:49.635455+00:00 failures=0
2026-04-29 10:59:57,148 INFO jobs.background_keepa_scheduler background_keepa_refresh_candidate_skipped asin=B096FJ6Z1Q reason=sufficient_local_history priority=high staleness=fresh next_eligible_at=2026-04-29T16:59:49.635455+00:00 failures=0
2026-04-29 10:59:57,271 INFO jobs.background_keepa_scheduler background_keepa_refresh_candidate_skipped asin=B0FMQ1DNBS reason=sufficient_local_history priority=high staleness=fresh next_eligible_at=2026-04-29T16:59:49.635455+00:00 failures=0
2026-04-29 10:59:57,395 INFO jobs.background_keepa_scheduler background_keepa_refresh_started tracked_asins=100 eligible_asins=0
2026-04-29 10:59:57,396 INFO jobs.background_keepa_scheduler background_keepa_refresh_complete tracked_asins=100 eligible_asins=0 fetched_products=0 accepted=0 rejected=0 failed_batches=0
