2026-04-14 07:40:13,975 INFO jobs.daily_auto_publish daily_auto_publish_complete pending_review=0 approved_unpublished=0 published=0 skipped=0 failed=0
2026-04-14 07:40:30,099 INFO jobs.daily_auto_publish daily_auto_publish_complete pending_review=0 approved_unpublished=0 published=0 skipped=0 failed=0
2026-04-14 07:42:24,910 INFO jobs.daily_auto_publish daily_auto_publish_complete pending_review=0 approved_unpublished=0 published=0 skipped=0 failed=0
2026-04-14 08:14:18,118 INFO jobs.daily_auto_publish daily_auto_publish_complete pending_review=15 approved_unpublished=0 published=0 skipped=15 failed=0
2026-04-14 10:25:44,575 INFO jobs.daily_auto_publish daily_auto_publish_complete pending_review=19 approved_unpublished=0 published=0 skipped=19 failed=0
2026-04-14 10:25:44,964 INFO jobs.daily_auto_publish daily_auto_publish_complete pending_review=19 approved_unpublished=0 published=0 skipped=19 failed=0
2026-04-14 10:26:25,733 INFO jobs.daily_auto_publish daily_auto_publish_complete pending_review=19 approved_unpublished=0 published=0 skipped=19 failed=0
2026-04-14 10:26:26,188 INFO jobs.daily_auto_publish daily_auto_publish_complete pending_review=19 approved_unpublished=0 published=0 skipped=19 failed=0
2026-04-14 10:01:50,702 INFO jobs.daily_auto_publish daily_auto_publish_complete pending_review=19 approved_unpublished=0 published=0 skipped=19 failed=0
2026-04-14 10:01:51,148 INFO jobs.daily_auto_publish daily_auto_publish_complete pending_review=19 approved_unpublished=0 published=0 skipped=19 failed=0
2026-04-14 10:08:31,576 INFO jobs.daily_auto_publish daily_auto_publish_complete pending_review=19 approved_unpublished=0 published=0 skipped=19 failed=0
2026-04-14 10:08:31,963 INFO jobs.daily_auto_publish daily_auto_publish_complete pending_review=19 approved_unpublished=0 published=0 skipped=19 failed=0
2026-04-14 10:43:20,014 INFO jobs.daily_auto_publish daily_auto_publish_complete pending_review=19 approved_unpublished=0 published=0 skipped=19 failed=0
2026-04-14 10:43:20,400 INFO jobs.daily_auto_publish daily_auto_publish_complete pending_review=19 approved_unpublished=0 published=0 skipped=19 failed=0
2026-04-14 13:03:42,452 INFO jobs.daily_auto_publish daily_auto_publish_complete pending_review=20 approved_unpublished=0 published=0 skipped=20 failed=0
2026-04-14 13:04:02,834 INFO jobs.daily_auto_publish daily_auto_publish_complete pending_review=20 approved_unpublished=0 published=0 skipped=20 failed=0
2026-04-14 13:04:26,354 INFO jobs.daily_auto_publish daily_auto_publish_complete pending_review=20 approved_unpublished=0 published=0 skipped=20 failed=0
2026-04-14 13:04:26,706 INFO jobs.daily_auto_publish daily_auto_publish_complete pending_review=20 approved_unpublished=0 published=0 skipped=20 failed=0
2026-04-14 13:23:06,004 INFO jobs.daily_auto_publish daily_auto_publish_complete pending_review=20 approved_unpublished=0 published=0 skipped=20 failed=0
2026-04-14 13:23:06,438 INFO jobs.daily_auto_publish daily_auto_publish_complete pending_review=20 approved_unpublished=0 published=0 skipped=20 failed=0
2026-04-14 13:54:06,847 INFO jobs.daily_auto_publish daily_auto_publish_complete pending_review=23 approved_unpublished=0 published=0 skipped=23 failed=0
2026-04-14 13:54:07,234 INFO jobs.daily_auto_publish daily_auto_publish_complete pending_review=23 approved_unpublished=0 published=0 skipped=23 failed=0
2026-04-14 13:54:44,701 INFO jobs.daily_auto_publish daily_auto_publish_complete pending_review=23 approved_unpublished=0 published=0 skipped=23 failed=0
2026-04-14 13:54:45,050 INFO jobs.daily_auto_publish daily_auto_publish_complete pending_review=23 approved_unpublished=0 published=0 skipped=23 failed=0
2026-04-14 13:55:16,747 INFO jobs.daily_auto_publish daily_auto_publish_complete pending_review=23 approved_unpublished=0 published=0 skipped=23 failed=0
2026-04-14 13:55:17,102 INFO jobs.daily_auto_publish daily_auto_publish_complete pending_review=23 approved_unpublished=0 published=0 skipped=23 failed=0
2026-04-14 13:55:48,283 INFO jobs.daily_auto_publish daily_auto_publish_complete pending_review=23 approved_unpublished=0 published=0 skipped=23 failed=0
2026-04-14 13:55:48,669 INFO jobs.daily_auto_publish daily_auto_publish_complete pending_review=23 approved_unpublished=0 published=0 skipped=23 failed=0
2026-04-14 18:34:35,274 INFO jobs.daily_auto_publish daily_auto_publish_complete pending_review=32 approved_unpublished=0 published=0 skipped=32 failed=0
2026-04-14 18:35:50,077 INFO jobs.daily_auto_publish daily_auto_publish_complete pending_review=32 approved_unpublished=0 published=0 skipped=32 failed=0
2026-04-14 18:42:12,877 INFO jobs.daily_auto_publish daily_auto_publish_complete pending_review=91 approved_unpublished=0 published=0 skipped=91 failed=0
2026-04-15 18:13:41,898 INFO jobs.daily_auto_publish daily_auto_publish_complete pending_review=99 approved_unpublished=0 published=0 skipped=99 failed=0
2026-04-15 18:13:42,431 INFO jobs.daily_auto_publish daily_auto_publish_complete pending_review=99 approved_unpublished=0 published=0 skipped=99 failed=0
2026-04-15 23:18:56,369 ERROR jobs.daily_auto_publish job_failed
Traceback (most recent call last):
  File "/app/app/jobs/common.py", line 55, in run_job
    return callback(logger)
           ^^^^^^^^^^^^^^^^
  File "/app/app/jobs/daily_auto_publish.py", line 22, in _runner
    pending_review_deals = db.scalars(
                           ^^^^^^^^^^^
  File "/usr/local/lib/python3.11/site-packages/sqlalchemy/orm/session.py", line 2473, in scalars
    return self._execute_internal(
           ^^^^^^^^^^^^^^^^^^^^^^^
  File "/usr/local/lib/python3.11/site-packages/sqlalchemy/orm/session.py", line 2251, in _execute_internal
    result: Result[Any] = compile_state_cls.orm_execute_statement(
                          ^^^^^^^^^^^^^^^^^^^^^^^^^^^^^^^^^^^^^^^^
  File "/usr/local/lib/python3.11/site-packages/sqlalchemy/orm/context.py", line 306, in orm_execute_statement
    result = conn.execute(
             ^^^^^^^^^^^^^
  File "/usr/local/lib/python3.11/site-packages/sqlalchemy/engine/base.py", line 1416, in execute
    return meth(
           ^^^^^
  File "/usr/local/lib/python3.11/site-packages/sqlalchemy/sql/elements.py", line 523, in _execute_on_connection
    return connection._execute_clauseelement(
           ^^^^^^^^^^^^^^^^^^^^^^^^^^^^^^^^^^
  File "/usr/local/lib/python3.11/site-packages/sqlalchemy/engine/base.py", line 1630, in _execute_clauseelement
    compiled_sql, extracted_params, cache_hit = elem._compile_w_cache(
                                                ^^^^^^^^^^^^^^^^^^^^^^
  File "/usr/local/lib/python3.11/site-packages/sqlalchemy/sql/elements.py", line 711, in _compile_w_cache
    compiled_sql = self._compiler(
                   ^^^^^^^^^^^^^^^
  File "/usr/local/lib/python3.11/site-packages/sqlalchemy/sql/elements.py", line 320, in _compiler
    return dialect.statement_compiler(dialect, self, **kw)
           ^^^^^^^^^^^^^^^^^^^^^^^^^^^^^^^^^^^^^^^^^^^^^^^
  File "/usr/local/lib/python3.11/site-packages/sqlalchemy/sql/compiler.py", line 1446, in __init__
    Compiled.__init__(self, dialect, statement, **kwargs)
  File "/usr/local/lib/python3.11/site-packages/sqlalchemy/sql/compiler.py", line 886, in __init__
    self.string = self.process(self.statement, **compile_kwargs)
                  ^^^^^^^^^^^^^^^^^^^^^^^^^^^^^^^^^^^^^^^^^^^^^^
  File "/usr/local/lib/python3.11/site-packages/sqlalchemy/sql/compiler.py", line 932, in process
    return obj._compiler_dispatch(self, **kwargs)
           ^^^^^^^^^^^^^^^^^^^^^^^^^^^^^^^^^^^^^^
  File "/usr/local/lib/python3.11/site-packages/sqlalchemy/sql/visitors.py", line 141, in _compiler_dispatch
    return meth(self, **kw)  # type: ignore  # noqa: E501
           ^^^^^^^^^^^^^^^^
  File "/usr/local/lib/python3.11/site-packages/sqlalchemy/sql/compiler.py", line 4728, in visit_select
    compile_state = select_stmt._compile_state_factory(
                    ^^^^^^^^^^^^^^^^^^^^^^^^^^^^^^^^^^^
  File "/usr/local/lib/python3.11/site-packages/sqlalchemy/sql/base.py", line 686, in create_for_statement
    return klass.create_for_statement(statement, compiler, **kw)
           ^^^^^^^^^^^^^^^^^^^^^^^^^^^^^^^^^^^^^^^^^^^^^^^^^^^^^
  File "/usr/local/lib/python3.11/site-packages/sqlalchemy/orm/context.py", line 447, in create_for_statement
    return cls._create_orm_context(
           ^^^^^^^^^^^^^^^^^^^^^^^^
  File "/usr/local/lib/python3.11/site-packages/sqlalchemy/orm/context.py", line 1175, in _create_orm_context
    _QueryEntity.to_compile_state(
  File "/usr/local/lib/python3.11/site-packages/sqlalchemy/orm/context.py", line 2630, in to_compile_state
    _MapperEntity(
  File "/usr/local/lib/python3.11/site-packages/sqlalchemy/orm/context.py", line 2710, in __init__
    entity._post_inspect
  File "/usr/local/lib/python3.11/site-packages/sqlalchemy/util/langhelpers.py", line 1257, in __get__
    obj.__dict__[self.__name__] = result = self.fget(obj)
                                           ^^^^^^^^^^^^^^
  File "/usr/local/lib/python3.11/site-packages/sqlalchemy/orm/mapper.py", line 2724, in _post_inspect
    self._check_configure()
  File "/usr/local/lib/python3.11/site-packages/sqlalchemy/orm/mapper.py", line 2401, in _check_configure
    _configure_registries({self.registry}, cascade=True)
  File "/usr/local/lib/python3.11/site-packages/sqlalchemy/orm/mapper.py", line 4214, in _configure_registries
    _do_configure_registries(registries, cascade)
  File "/usr/local/lib/python3.11/site-packages/sqlalchemy/orm/mapper.py", line 4251, in _do_configure_registries
    raise e
sqlalchemy.exc.InvalidRequestError: One or more mappers failed to initialize - can't proceed with initialization of other mappers. Triggering mapper: 'Mapper[Deal(deals)]'. Original exception was: Mapper 'Mapper[AICopyDraft(ai_copy_drafts)]' has no property 'deal'.  If this property was indicated from other mappers or configure events, ensure registry.configure() has been called.
2026-04-15 23:18:56,441 ERROR jobs.daily_auto_publish job_failed
Traceback (most recent call last):
  File "/app/app/jobs/common.py", line 55, in run_job
    return callback(logger)
           ^^^^^^^^^^^^^^^^
  File "/app/app/jobs/daily_auto_publish.py", line 22, in _runner
    pending_review_deals = db.scalars(
                           ^^^^^^^^^^^
  File "/usr/local/lib/python3.11/site-packages/sqlalchemy/orm/session.py", line 2473, in scalars
    return self._execute_internal(
           ^^^^^^^^^^^^^^^^^^^^^^^
  File "/usr/local/lib/python3.11/site-packages/sqlalchemy/orm/session.py", line 2251, in _execute_internal
    result: Result[Any] = compile_state_cls.orm_execute_statement(
                          ^^^^^^^^^^^^^^^^^^^^^^^^^^^^^^^^^^^^^^^^
  File "/usr/local/lib/python3.11/site-packages/sqlalchemy/orm/context.py", line 306, in orm_execute_statement
    result = conn.execute(
             ^^^^^^^^^^^^^
  File "/usr/local/lib/python3.11/site-packages/sqlalchemy/engine/base.py", line 1416, in execute
    return meth(
           ^^^^^
  File "/usr/local/lib/python3.11/site-packages/sqlalchemy/sql/elements.py", line 523, in _execute_on_connection
    return connection._execute_clauseelement(
           ^^^^^^^^^^^^^^^^^^^^^^^^^^^^^^^^^^
  File "/usr/local/lib/python3.11/site-packages/sqlalchemy/engine/base.py", line 1630, in _execute_clauseelement
    compiled_sql, extracted_params, cache_hit = elem._compile_w_cache(
                                                ^^^^^^^^^^^^^^^^^^^^^^
  File "/usr/local/lib/python3.11/site-packages/sqlalchemy/sql/elements.py", line 711, in _compile_w_cache
    compiled_sql = self._compiler(
                   ^^^^^^^^^^^^^^^
  File "/usr/local/lib/python3.11/site-packages/sqlalchemy/sql/elements.py", line 320, in _compiler
    return dialect.statement_compiler(dialect, self, **kw)
           ^^^^^^^^^^^^^^^^^^^^^^^^^^^^^^^^^^^^^^^^^^^^^^^
  File "/usr/local/lib/python3.11/site-packages/sqlalchemy/sql/compiler.py", line 1446, in __init__
    Compiled.__init__(self, dialect, statement, **kwargs)
  File "/usr/local/lib/python3.11/site-packages/sqlalchemy/sql/compiler.py", line 886, in __init__
    self.string = self.process(self.statement, **compile_kwargs)
                  ^^^^^^^^^^^^^^^^^^^^^^^^^^^^^^^^^^^^^^^^^^^^^^
  File "/usr/local/lib/python3.11/site-packages/sqlalchemy/sql/compiler.py", line 932, in process
    return obj._compiler_dispatch(self, **kwargs)
           ^^^^^^^^^^^^^^^^^^^^^^^^^^^^^^^^^^^^^^
  File "/usr/local/lib/python3.11/site-packages/sqlalchemy/sql/visitors.py", line 141, in _compiler_dispatch
    return meth(self, **kw)  # type: ignore  # noqa: E501
           ^^^^^^^^^^^^^^^^
  File "/usr/local/lib/python3.11/site-packages/sqlalchemy/sql/compiler.py", line 4728, in visit_select
    compile_state = select_stmt._compile_state_factory(
                    ^^^^^^^^^^^^^^^^^^^^^^^^^^^^^^^^^^^
  File "/usr/local/lib/python3.11/site-packages/sqlalchemy/sql/base.py", line 686, in create_for_statement
    return klass.create_for_statement(statement, compiler, **kw)
           ^^^^^^^^^^^^^^^^^^^^^^^^^^^^^^^^^^^^^^^^^^^^^^^^^^^^^
  File "/usr/local/lib/python3.11/site-packages/sqlalchemy/orm/context.py", line 447, in create_for_statement
    return cls._create_orm_context(
           ^^^^^^^^^^^^^^^^^^^^^^^^
  File "/usr/local/lib/python3.11/site-packages/sqlalchemy/orm/context.py", line 1175, in _create_orm_context
    _QueryEntity.to_compile_state(
  File "/usr/local/lib/python3.11/site-packages/sqlalchemy/orm/context.py", line 2630, in to_compile_state
    _MapperEntity(
  File "/usr/local/lib/python3.11/site-packages/sqlalchemy/orm/context.py", line 2710, in __init__
    entity._post_inspect
  File "/usr/local/lib/python3.11/site-packages/sqlalchemy/util/langhelpers.py", line 1257, in __get__
    obj.__dict__[self.__name__] = result = self.fget(obj)
                                           ^^^^^^^^^^^^^^
  File "/usr/local/lib/python3.11/site-packages/sqlalchemy/orm/mapper.py", line 2724, in _post_inspect
    self._check_configure()
  File "/usr/local/lib/python3.11/site-packages/sqlalchemy/orm/mapper.py", line 2401, in _check_configure
    _configure_registries({self.registry}, cascade=True)
  File "/usr/local/lib/python3.11/site-packages/sqlalchemy/orm/mapper.py", line 4214, in _configure_registries
    _do_configure_registries(registries, cascade)
  File "/usr/local/lib/python3.11/site-packages/sqlalchemy/orm/mapper.py", line 4251, in _do_configure_registries
    raise e
sqlalchemy.exc.InvalidRequestError: One or more mappers failed to initialize - can't proceed with initialization of other mappers. Triggering mapper: 'Mapper[Deal(deals)]'. Original exception was: Mapper 'Mapper[AICopyDraft(ai_copy_drafts)]' has no property 'deal'.  If this property was indicated from other mappers or configure events, ensure registry.configure() has been called.
2026-04-15 23:20:19,954 ERROR jobs.daily_auto_publish job_failed
Traceback (most recent call last):
  File "/app/app/jobs/common.py", line 55, in run_job
    return callback(logger)
           ^^^^^^^^^^^^^^^^
  File "/app/app/jobs/daily_auto_publish.py", line 22, in _runner
    pending_review_deals = db.scalars(
                           ^^^^^^^^^^^
  File "/usr/local/lib/python3.11/site-packages/sqlalchemy/orm/session.py", line 2473, in scalars
    return self._execute_internal(
           ^^^^^^^^^^^^^^^^^^^^^^^
  File "/usr/local/lib/python3.11/site-packages/sqlalchemy/orm/session.py", line 2251, in _execute_internal
    result: Result[Any] = compile_state_cls.orm_execute_statement(
                          ^^^^^^^^^^^^^^^^^^^^^^^^^^^^^^^^^^^^^^^^
  File "/usr/local/lib/python3.11/site-packages/sqlalchemy/orm/context.py", line 306, in orm_execute_statement
    result = conn.execute(
             ^^^^^^^^^^^^^
  File "/usr/local/lib/python3.11/site-packages/sqlalchemy/engine/base.py", line 1416, in execute
    return meth(
           ^^^^^
  File "/usr/local/lib/python3.11/site-packages/sqlalchemy/sql/elements.py", line 523, in _execute_on_connection
    return connection._execute_clauseelement(
           ^^^^^^^^^^^^^^^^^^^^^^^^^^^^^^^^^^
  File "/usr/local/lib/python3.11/site-packages/sqlalchemy/engine/base.py", line 1630, in _execute_clauseelement
    compiled_sql, extracted_params, cache_hit = elem._compile_w_cache(
                                                ^^^^^^^^^^^^^^^^^^^^^^
  File "/usr/local/lib/python3.11/site-packages/sqlalchemy/sql/elements.py", line 711, in _compile_w_cache
    compiled_sql = self._compiler(
                   ^^^^^^^^^^^^^^^
  File "/usr/local/lib/python3.11/site-packages/sqlalchemy/sql/elements.py", line 320, in _compiler
    return dialect.statement_compiler(dialect, self, **kw)
           ^^^^^^^^^^^^^^^^^^^^^^^^^^^^^^^^^^^^^^^^^^^^^^^
  File "/usr/local/lib/python3.11/site-packages/sqlalchemy/sql/compiler.py", line 1446, in __init__
    Compiled.__init__(self, dialect, statement, **kwargs)
  File "/usr/local/lib/python3.11/site-packages/sqlalchemy/sql/compiler.py", line 886, in __init__
    self.string = self.process(self.statement, **compile_kwargs)
                  ^^^^^^^^^^^^^^^^^^^^^^^^^^^^^^^^^^^^^^^^^^^^^^
  File "/usr/local/lib/python3.11/site-packages/sqlalchemy/sql/compiler.py", line 932, in process
    return obj._compiler_dispatch(self, **kwargs)
           ^^^^^^^^^^^^^^^^^^^^^^^^^^^^^^^^^^^^^^
  File "/usr/local/lib/python3.11/site-packages/sqlalchemy/sql/visitors.py", line 141, in _compiler_dispatch
    return meth(self, **kw)  # type: ignore  # noqa: E501
           ^^^^^^^^^^^^^^^^
  File "/usr/local/lib/python3.11/site-packages/sqlalchemy/sql/compiler.py", line 4728, in visit_select
    compile_state = select_stmt._compile_state_factory(
                    ^^^^^^^^^^^^^^^^^^^^^^^^^^^^^^^^^^^
  File "/usr/local/lib/python3.11/site-packages/sqlalchemy/sql/base.py", line 686, in create_for_statement
    return klass.create_for_statement(statement, compiler, **kw)
           ^^^^^^^^^^^^^^^^^^^^^^^^^^^^^^^^^^^^^^^^^^^^^^^^^^^^^
  File "/usr/local/lib/python3.11/site-packages/sqlalchemy/orm/context.py", line 447, in create_for_statement
    return cls._create_orm_context(
           ^^^^^^^^^^^^^^^^^^^^^^^^
  File "/usr/local/lib/python3.11/site-packages/sqlalchemy/orm/context.py", line 1175, in _create_orm_context
    _QueryEntity.to_compile_state(
  File "/usr/local/lib/python3.11/site-packages/sqlalchemy/orm/context.py", line 2630, in to_compile_state
    _MapperEntity(
  File "/usr/local/lib/python3.11/site-packages/sqlalchemy/orm/context.py", line 2710, in __init__
    entity._post_inspect
  File "/usr/local/lib/python3.11/site-packages/sqlalchemy/util/langhelpers.py", line 1257, in __get__
    obj.__dict__[self.__name__] = result = self.fget(obj)
                                           ^^^^^^^^^^^^^^
  File "/usr/local/lib/python3.11/site-packages/sqlalchemy/orm/mapper.py", line 2724, in _post_inspect
    self._check_configure()
  File "/usr/local/lib/python3.11/site-packages/sqlalchemy/orm/mapper.py", line 2401, in _check_configure
    _configure_registries({self.registry}, cascade=True)
  File "/usr/local/lib/python3.11/site-packages/sqlalchemy/orm/mapper.py", line 4214, in _configure_registries
    _do_configure_registries(registries, cascade)
  File "/usr/local/lib/python3.11/site-packages/sqlalchemy/orm/mapper.py", line 4251, in _do_configure_registries
    raise e
sqlalchemy.exc.InvalidRequestError: One or more mappers failed to initialize - can't proceed with initialization of other mappers. Triggering mapper: 'Mapper[Deal(deals)]'. Original exception was: Mapper 'Mapper[AICopyDraft(ai_copy_drafts)]' has no property 'deal'.  If this property was indicated from other mappers or configure events, ensure registry.configure() has been called.
2026-04-15 23:20:20,108 ERROR jobs.daily_auto_publish job_failed
Traceback (most recent call last):
  File "/app/app/jobs/common.py", line 55, in run_job
    return callback(logger)
           ^^^^^^^^^^^^^^^^
  File "/app/app/jobs/daily_auto_publish.py", line 22, in _runner
    pending_review_deals = db.scalars(
                           ^^^^^^^^^^^
  File "/usr/local/lib/python3.11/site-packages/sqlalchemy/orm/session.py", line 2473, in scalars
    return self._execute_internal(
           ^^^^^^^^^^^^^^^^^^^^^^^
  File "/usr/local/lib/python3.11/site-packages/sqlalchemy/orm/session.py", line 2251, in _execute_internal
    result: Result[Any] = compile_state_cls.orm_execute_statement(
                          ^^^^^^^^^^^^^^^^^^^^^^^^^^^^^^^^^^^^^^^^
  File "/usr/local/lib/python3.11/site-packages/sqlalchemy/orm/context.py", line 306, in orm_execute_statement
    result = conn.execute(
             ^^^^^^^^^^^^^
  File "/usr/local/lib/python3.11/site-packages/sqlalchemy/engine/base.py", line 1416, in execute
    return meth(
           ^^^^^
  File "/usr/local/lib/python3.11/site-packages/sqlalchemy/sql/elements.py", line 523, in _execute_on_connection
    return connection._execute_clauseelement(
           ^^^^^^^^^^^^^^^^^^^^^^^^^^^^^^^^^^
  File "/usr/local/lib/python3.11/site-packages/sqlalchemy/engine/base.py", line 1630, in _execute_clauseelement
    compiled_sql, extracted_params, cache_hit = elem._compile_w_cache(
                                                ^^^^^^^^^^^^^^^^^^^^^^
  File "/usr/local/lib/python3.11/site-packages/sqlalchemy/sql/elements.py", line 711, in _compile_w_cache
    compiled_sql = self._compiler(
                   ^^^^^^^^^^^^^^^
  File "/usr/local/lib/python3.11/site-packages/sqlalchemy/sql/elements.py", line 320, in _compiler
    return dialect.statement_compiler(dialect, self, **kw)
           ^^^^^^^^^^^^^^^^^^^^^^^^^^^^^^^^^^^^^^^^^^^^^^^
  File "/usr/local/lib/python3.11/site-packages/sqlalchemy/sql/compiler.py", line 1446, in __init__
    Compiled.__init__(self, dialect, statement, **kwargs)
  File "/usr/local/lib/python3.11/site-packages/sqlalchemy/sql/compiler.py", line 886, in __init__
    self.string = self.process(self.statement, **compile_kwargs)
                  ^^^^^^^^^^^^^^^^^^^^^^^^^^^^^^^^^^^^^^^^^^^^^^
  File "/usr/local/lib/python3.11/site-packages/sqlalchemy/sql/compiler.py", line 932, in process
    return obj._compiler_dispatch(self, **kwargs)
           ^^^^^^^^^^^^^^^^^^^^^^^^^^^^^^^^^^^^^^
  File "/usr/local/lib/python3.11/site-packages/sqlalchemy/sql/visitors.py", line 141, in _compiler_dispatch
    return meth(self, **kw)  # type: ignore  # noqa: E501
           ^^^^^^^^^^^^^^^^
  File "/usr/local/lib/python3.11/site-packages/sqlalchemy/sql/compiler.py", line 4728, in visit_select
    compile_state = select_stmt._compile_state_factory(
                    ^^^^^^^^^^^^^^^^^^^^^^^^^^^^^^^^^^^
  File "/usr/local/lib/python3.11/site-packages/sqlalchemy/sql/base.py", line 686, in create_for_statement
    return klass.create_for_statement(statement, compiler, **kw)
           ^^^^^^^^^^^^^^^^^^^^^^^^^^^^^^^^^^^^^^^^^^^^^^^^^^^^^
  File "/usr/local/lib/python3.11/site-packages/sqlalchemy/orm/context.py", line 447, in create_for_statement
    return cls._create_orm_context(
           ^^^^^^^^^^^^^^^^^^^^^^^^
  File "/usr/local/lib/python3.11/site-packages/sqlalchemy/orm/context.py", line 1175, in _create_orm_context
    _QueryEntity.to_compile_state(
  File "/usr/local/lib/python3.11/site-packages/sqlalchemy/orm/context.py", line 2630, in to_compile_state
    _MapperEntity(
  File "/usr/local/lib/python3.11/site-packages/sqlalchemy/orm/context.py", line 2710, in __init__
    entity._post_inspect
  File "/usr/local/lib/python3.11/site-packages/sqlalchemy/util/langhelpers.py", line 1257, in __get__
    obj.__dict__[self.__name__] = result = self.fget(obj)
                                           ^^^^^^^^^^^^^^
  File "/usr/local/lib/python3.11/site-packages/sqlalchemy/orm/mapper.py", line 2724, in _post_inspect
    self._check_configure()
  File "/usr/local/lib/python3.11/site-packages/sqlalchemy/orm/mapper.py", line 2401, in _check_configure
    _configure_registries({self.registry}, cascade=True)
  File "/usr/local/lib/python3.11/site-packages/sqlalchemy/orm/mapper.py", line 4214, in _configure_registries
    _do_configure_registries(registries, cascade)
  File "/usr/local/lib/python3.11/site-packages/sqlalchemy/orm/mapper.py", line 4251, in _do_configure_registries
    raise e
sqlalchemy.exc.InvalidRequestError: One or more mappers failed to initialize - can't proceed with initialization of other mappers. Triggering mapper: 'Mapper[Deal(deals)]'. Original exception was: Mapper 'Mapper[AICopyDraft(ai_copy_drafts)]' has no property 'deal'.  If this property was indicated from other mappers or configure events, ensure registry.configure() has been called.
2026-04-16 09:01:52,380 ERROR jobs.daily_auto_publish job_failed
Traceback (most recent call last):
  File "/app/app/jobs/common.py", line 55, in run_job
    return callback(logger)
           ^^^^^^^^^^^^^^^^
  File "/app/app/jobs/daily_auto_publish.py", line 22, in _runner
    pending_review_deals = db.scalars(
                           ^^^^^^^^^^^
  File "/usr/local/lib/python3.11/site-packages/sqlalchemy/orm/session.py", line 2473, in scalars
    return self._execute_internal(
           ^^^^^^^^^^^^^^^^^^^^^^^
  File "/usr/local/lib/python3.11/site-packages/sqlalchemy/orm/session.py", line 2251, in _execute_internal
    result: Result[Any] = compile_state_cls.orm_execute_statement(
                          ^^^^^^^^^^^^^^^^^^^^^^^^^^^^^^^^^^^^^^^^
  File "/usr/local/lib/python3.11/site-packages/sqlalchemy/orm/context.py", line 306, in orm_execute_statement
    result = conn.execute(
             ^^^^^^^^^^^^^
  File "/usr/local/lib/python3.11/site-packages/sqlalchemy/engine/base.py", line 1416, in execute
    return meth(
           ^^^^^
  File "/usr/local/lib/python3.11/site-packages/sqlalchemy/sql/elements.py", line 523, in _execute_on_connection
    return connection._execute_clauseelement(
           ^^^^^^^^^^^^^^^^^^^^^^^^^^^^^^^^^^
  File "/usr/local/lib/python3.11/site-packages/sqlalchemy/engine/base.py", line 1630, in _execute_clauseelement
    compiled_sql, extracted_params, cache_hit = elem._compile_w_cache(
                                                ^^^^^^^^^^^^^^^^^^^^^^
  File "/usr/local/lib/python3.11/site-packages/sqlalchemy/sql/elements.py", line 711, in _compile_w_cache
    compiled_sql = self._compiler(
                   ^^^^^^^^^^^^^^^
  File "/usr/local/lib/python3.11/site-packages/sqlalchemy/sql/elements.py", line 320, in _compiler
    return dialect.statement_compiler(dialect, self, **kw)
           ^^^^^^^^^^^^^^^^^^^^^^^^^^^^^^^^^^^^^^^^^^^^^^^
  File "/usr/local/lib/python3.11/site-packages/sqlalchemy/sql/compiler.py", line 1446, in __init__
    Compiled.__init__(self, dialect, statement, **kwargs)
  File "/usr/local/lib/python3.11/site-packages/sqlalchemy/sql/compiler.py", line 886, in __init__
    self.string = self.process(self.statement, **compile_kwargs)
                  ^^^^^^^^^^^^^^^^^^^^^^^^^^^^^^^^^^^^^^^^^^^^^^
  File "/usr/local/lib/python3.11/site-packages/sqlalchemy/sql/compiler.py", line 932, in process
    return obj._compiler_dispatch(self, **kwargs)
           ^^^^^^^^^^^^^^^^^^^^^^^^^^^^^^^^^^^^^^
  File "/usr/local/lib/python3.11/site-packages/sqlalchemy/sql/visitors.py", line 141, in _compiler_dispatch
    return meth(self, **kw)  # type: ignore  # noqa: E501
           ^^^^^^^^^^^^^^^^
  File "/usr/local/lib/python3.11/site-packages/sqlalchemy/sql/compiler.py", line 4728, in visit_select
    compile_state = select_stmt._compile_state_factory(
                    ^^^^^^^^^^^^^^^^^^^^^^^^^^^^^^^^^^^
  File "/usr/local/lib/python3.11/site-packages/sqlalchemy/sql/base.py", line 686, in create_for_statement
    return klass.create_for_statement(statement, compiler, **kw)
           ^^^^^^^^^^^^^^^^^^^^^^^^^^^^^^^^^^^^^^^^^^^^^^^^^^^^^
  File "/usr/local/lib/python3.11/site-packages/sqlalchemy/orm/context.py", line 447, in create_for_statement
    return cls._create_orm_context(
           ^^^^^^^^^^^^^^^^^^^^^^^^
  File "/usr/local/lib/python3.11/site-packages/sqlalchemy/orm/context.py", line 1175, in _create_orm_context
    _QueryEntity.to_compile_state(
  File "/usr/local/lib/python3.11/site-packages/sqlalchemy/orm/context.py", line 2630, in to_compile_state
    _MapperEntity(
  File "/usr/local/lib/python3.11/site-packages/sqlalchemy/orm/context.py", line 2710, in __init__
    entity._post_inspect
  File "/usr/local/lib/python3.11/site-packages/sqlalchemy/util/langhelpers.py", line 1257, in __get__
    obj.__dict__[self.__name__] = result = self.fget(obj)
                                           ^^^^^^^^^^^^^^
  File "/usr/local/lib/python3.11/site-packages/sqlalchemy/orm/mapper.py", line 2724, in _post_inspect
    self._check_configure()
  File "/usr/local/lib/python3.11/site-packages/sqlalchemy/orm/mapper.py", line 2401, in _check_configure
    _configure_registries({self.registry}, cascade=True)
  File "/usr/local/lib/python3.11/site-packages/sqlalchemy/orm/mapper.py", line 4214, in _configure_registries
    _do_configure_registries(registries, cascade)
  File "/usr/local/lib/python3.11/site-packages/sqlalchemy/orm/mapper.py", line 4251, in _do_configure_registries
    raise e
sqlalchemy.exc.InvalidRequestError: One or more mappers failed to initialize - can't proceed with initialization of other mappers. Triggering mapper: 'Mapper[Deal(deals)]'. Original exception was: Mapper 'Mapper[AICopyDraft(ai_copy_drafts)]' has no property 'deal'.  If this property was indicated from other mappers or configure events, ensure registry.configure() has been called.
2026-04-16 09:01:52,446 ERROR jobs.daily_auto_publish job_failed
Traceback (most recent call last):
  File "/app/app/jobs/common.py", line 55, in run_job
    return callback(logger)
           ^^^^^^^^^^^^^^^^
  File "/app/app/jobs/daily_auto_publish.py", line 22, in _runner
    pending_review_deals = db.scalars(
                           ^^^^^^^^^^^
  File "/usr/local/lib/python3.11/site-packages/sqlalchemy/orm/session.py", line 2473, in scalars
    return self._execute_internal(
           ^^^^^^^^^^^^^^^^^^^^^^^
  File "/usr/local/lib/python3.11/site-packages/sqlalchemy/orm/session.py", line 2251, in _execute_internal
    result: Result[Any] = compile_state_cls.orm_execute_statement(
                          ^^^^^^^^^^^^^^^^^^^^^^^^^^^^^^^^^^^^^^^^
  File "/usr/local/lib/python3.11/site-packages/sqlalchemy/orm/context.py", line 306, in orm_execute_statement
    result = conn.execute(
             ^^^^^^^^^^^^^
  File "/usr/local/lib/python3.11/site-packages/sqlalchemy/engine/base.py", line 1416, in execute
    return meth(
           ^^^^^
  File "/usr/local/lib/python3.11/site-packages/sqlalchemy/sql/elements.py", line 523, in _execute_on_connection
    return connection._execute_clauseelement(
           ^^^^^^^^^^^^^^^^^^^^^^^^^^^^^^^^^^
  File "/usr/local/lib/python3.11/site-packages/sqlalchemy/engine/base.py", line 1630, in _execute_clauseelement
    compiled_sql, extracted_params, cache_hit = elem._compile_w_cache(
                                                ^^^^^^^^^^^^^^^^^^^^^^
  File "/usr/local/lib/python3.11/site-packages/sqlalchemy/sql/elements.py", line 711, in _compile_w_cache
    compiled_sql = self._compiler(
                   ^^^^^^^^^^^^^^^
  File "/usr/local/lib/python3.11/site-packages/sqlalchemy/sql/elements.py", line 320, in _compiler
    return dialect.statement_compiler(dialect, self, **kw)
           ^^^^^^^^^^^^^^^^^^^^^^^^^^^^^^^^^^^^^^^^^^^^^^^
  File "/usr/local/lib/python3.11/site-packages/sqlalchemy/sql/compiler.py", line 1446, in __init__
    Compiled.__init__(self, dialect, statement, **kwargs)
  File "/usr/local/lib/python3.11/site-packages/sqlalchemy/sql/compiler.py", line 886, in __init__
    self.string = self.process(self.statement, **compile_kwargs)
                  ^^^^^^^^^^^^^^^^^^^^^^^^^^^^^^^^^^^^^^^^^^^^^^
  File "/usr/local/lib/python3.11/site-packages/sqlalchemy/sql/compiler.py", line 932, in process
    return obj._compiler_dispatch(self, **kwargs)
           ^^^^^^^^^^^^^^^^^^^^^^^^^^^^^^^^^^^^^^
  File "/usr/local/lib/python3.11/site-packages/sqlalchemy/sql/visitors.py", line 141, in _compiler_dispatch
    return meth(self, **kw)  # type: ignore  # noqa: E501
           ^^^^^^^^^^^^^^^^
  File "/usr/local/lib/python3.11/site-packages/sqlalchemy/sql/compiler.py", line 4728, in visit_select
    compile_state = select_stmt._compile_state_factory(
                    ^^^^^^^^^^^^^^^^^^^^^^^^^^^^^^^^^^^
  File "/usr/local/lib/python3.11/site-packages/sqlalchemy/sql/base.py", line 686, in create_for_statement
    return klass.create_for_statement(statement, compiler, **kw)
           ^^^^^^^^^^^^^^^^^^^^^^^^^^^^^^^^^^^^^^^^^^^^^^^^^^^^^
  File "/usr/local/lib/python3.11/site-packages/sqlalchemy/orm/context.py", line 447, in create_for_statement
    return cls._create_orm_context(
           ^^^^^^^^^^^^^^^^^^^^^^^^
  File "/usr/local/lib/python3.11/site-packages/sqlalchemy/orm/context.py", line 1175, in _create_orm_context
    _QueryEntity.to_compile_state(
  File "/usr/local/lib/python3.11/site-packages/sqlalchemy/orm/context.py", line 2630, in to_compile_state
    _MapperEntity(
  File "/usr/local/lib/python3.11/site-packages/sqlalchemy/orm/context.py", line 2710, in __init__
    entity._post_inspect
  File "/usr/local/lib/python3.11/site-packages/sqlalchemy/util/langhelpers.py", line 1257, in __get__
    obj.__dict__[self.__name__] = result = self.fget(obj)
                                           ^^^^^^^^^^^^^^
  File "/usr/local/lib/python3.11/site-packages/sqlalchemy/orm/mapper.py", line 2724, in _post_inspect
    self._check_configure()
  File "/usr/local/lib/python3.11/site-packages/sqlalchemy/orm/mapper.py", line 2401, in _check_configure
    _configure_registries({self.registry}, cascade=True)
  File "/usr/local/lib/python3.11/site-packages/sqlalchemy/orm/mapper.py", line 4214, in _configure_registries
    _do_configure_registries(registries, cascade)
  File "/usr/local/lib/python3.11/site-packages/sqlalchemy/orm/mapper.py", line 4251, in _do_configure_registries
    raise e
sqlalchemy.exc.InvalidRequestError: One or more mappers failed to initialize - can't proceed with initialization of other mappers. Triggering mapper: 'Mapper[Deal(deals)]'. Original exception was: Mapper 'Mapper[AICopyDraft(ai_copy_drafts)]' has no property 'deal'.  If this property was indicated from other mappers or configure events, ensure registry.configure() has been called.
