2026-04-14 18:35:09,221 INFO jobs.daily_amazon_discovery amazon_discovery_starting url_count=4
2026-04-14 18:35:10,280 INFO jobs.daily_amazon_discovery amazon_discovery_page_fetched url=https://www.amazon.es/gp/bestsellers/electronics/ source_type=best_sellers raw=120 candidates=30 issues=['non_amazon_product_link', 'non_amazon_product_link', 'non_amazon_product_link', 'non_amazon_product_link', 'non_amazon_product_link', 'non_amazon_product_link', 'non_amazon_product_link', 'non_amazon_product_link', 'non_amazon_product_link', 'non_amazon_product_link', 'non_amazon_product_link', 'non_amazon_product_link', 'non_amazon_product_link', 'non_amazon_product_link', 'non_amazon_product_link', 'non_amazon_product_link', 'non_amazon_product_link', 'non_amazon_product_link', 'non_amazon_product_link', 'non_amazon_product_link', 'non_amazon_product_link', 'non_amazon_product_link', 'non_amazon_product_link', 'non_amazon_product_link', 'non_amazon_product_link', 'non_amazon_product_link', 'non_amazon_product_link', 'non_amazon_product_link', 'non_amazon_product_link', 'non_amazon_product_link', 'non_amazon_product_link', 'non_amazon_product_link', 'non_amazon_product_link', 'non_amazon_product_link', 'non_amazon_product_link', 'non_amazon_product_link', 'non_amazon_product_link', 'non_amazon_product_link', 'non_amazon_product_link', 'non_amazon_product_link', 'non_amazon_product_link', 'non_amazon_product_link', 'non_amazon_product_link', 'non_amazon_product_link', 'non_amazon_product_link', 'non_amazon_product_link', 'non_amazon_product_link', 'non_amazon_product_link', 'non_amazon_product_link', 'non_amazon_product_link', 'non_amazon_product_link', 'non_amazon_product_link', 'non_amazon_product_link', 'non_amazon_product_link', 'non_amazon_product_link', 'non_amazon_product_link', 'non_amazon_product_link', 'non_amazon_product_link', 'non_amazon_product_link', 'non_amazon_product_link', 'non_amazon_product_link', 'non_amazon_product_link', 'non_amazon_product_link', 'non_amazon_product_link', 'missing_asin', 'missing_asin', 'missing_asin', 'missing_asin', 'missing_asin', 'missing_asin', 'missing_asin', 'missing_asin', 'missing_asin', 'missing_asin', 'non_amazon_product_link', 'non_amazon_product_link', 'missing_asin', 'missing_asin', 'missing_asin', 'missing_asin', 'missing_asin', 'missing_asin', 'non_amazon_product_link', 'non_amazon_product_link', 'missing_asin', 'missing_asin', 'non_amazon_product_link', 'non_amazon_product_link', 'missing_asin', 'non_amazon_product_link', 'non_amazon_product_link', 'missing_asin', 'missing_asin', 'missing_asin', 'missing_asin', 'missing_asin', 'missing_asin', 'missing_asin', 'missing_asin', 'missing_asin', 'missing_asin', 'missing_asin', 'non_amazon_product_link', 'non_amazon_product_link', 'non_amazon_product_link', 'non_amazon_product_link', 'non_amazon_product_link', 'non_amazon_product_link', 'non_amazon_product_link', 'non_amazon_product_link', 'non_amazon_product_link', 'non_amazon_product_link', 'non_amazon_product_link', 'non_amazon_product_link', 'non_amazon_product_link', 'non_amazon_product_link', 'non_amazon_product_link', 'non_amazon_product_link', 'non_amazon_product_link', 'non_amazon_product_link', 'non_amazon_product_link', 'non_amazon_product_link', 'non_amazon_product_link', 'non_amazon_product_link', 'non_amazon_product_link', 'non_amazon_product_link', 'non_amazon_product_link', 'non_amazon_product_link', 'non_amazon_product_link', 'non_amazon_product_link', 'non_amazon_product_link', 'non_amazon_product_link', 'non_amazon_product_link', 'non_amazon_product_link', 'non_amazon_product_link', 'non_amazon_product_link', 'non_amazon_product_link', 'non_amazon_product_link', 'non_amazon_product_link', 'non_amazon_product_link', 'non_amazon_product_link', 'non_amazon_product_link', 'non_amazon_product_link', 'non_amazon_product_link', 'non_amazon_product_link', 'non_amazon_product_link', 'non_amazon_product_link', 'non_amazon_product_link', 'non_amazon_product_link', 'non_amazon_product_link', 'non_amazon_product_link', 'non_amazon_product_link', 'non_amazon_product_link', 'non_amazon_product_link', 'non_amazon_product_link', 'non_amazon_product_link', 'non_amazon_product_link', 'non_amazon_product_link', 'non_amazon_product_link', 'non_amazon_product_link', 'non_amazon_product_link', 'non_amazon_product_link', 'non_amazon_product_link', 'missing_asin', 'non_amazon_product_link', 'non_amazon_product_link', 'non_amazon_product_link', 'non_amazon_product_link', 'non_amazon_product_link', 'non_amazon_product_link', 'non_amazon_product_link', 'non_amazon_product_link', 'non_amazon_product_link']
2026-04-14 18:35:11,276 INFO jobs.daily_amazon_discovery amazon_discovery_page_fetched url=https://www.amazon.es/gp/bestsellers/computers/ source_type=best_sellers raw=120 candidates=30 issues=['non_amazon_product_link', 'non_amazon_product_link', 'non_amazon_product_link', 'non_amazon_product_link', 'non_amazon_product_link', 'non_amazon_product_link', 'non_amazon_product_link', 'non_amazon_product_link', 'non_amazon_product_link', 'non_amazon_product_link', 'non_amazon_product_link', 'non_amazon_product_link', 'non_amazon_product_link', 'non_amazon_product_link', 'non_amazon_product_link', 'non_amazon_product_link', 'non_amazon_product_link', 'non_amazon_product_link', 'non_amazon_product_link', 'non_amazon_product_link', 'non_amazon_product_link', 'non_amazon_product_link', 'non_amazon_product_link', 'non_amazon_product_link', 'non_amazon_product_link', 'non_amazon_product_link', 'non_amazon_product_link', 'non_amazon_product_link', 'non_amazon_product_link', 'non_amazon_product_link', 'non_amazon_product_link', 'non_amazon_product_link', 'non_amazon_product_link', 'non_amazon_product_link', 'non_amazon_product_link', 'non_amazon_product_link', 'non_amazon_product_link', 'non_amazon_product_link', 'missing_asin', 'non_amazon_product_link', 'non_amazon_product_link', 'non_amazon_product_link', 'non_amazon_product_link', 'non_amazon_product_link', 'non_amazon_product_link', 'non_amazon_product_link', 'non_amazon_product_link', 'non_amazon_product_link', 'non_amazon_product_link', 'non_amazon_product_link', 'non_amazon_product_link', 'non_amazon_product_link', 'non_amazon_product_link', 'non_amazon_product_link', 'non_amazon_product_link', 'non_amazon_product_link', 'non_amazon_product_link', 'non_amazon_product_link', 'non_amazon_product_link', 'non_amazon_product_link', 'non_amazon_product_link', 'non_amazon_product_link', 'non_amazon_product_link', 'non_amazon_product_link', 'non_amazon_product_link', 'non_amazon_product_link', 'missing_asin', 'missing_asin', 'missing_asin', 'missing_asin', 'non_amazon_product_link', 'non_amazon_product_link', 'missing_asin', 'missing_asin', 'missing_asin', 'missing_asin', 'missing_asin', 'missing_asin', 'missing_asin', 'missing_asin', 'missing_asin', 'missing_asin', 'missing_asin', 'missing_asin', 'missing_asin', 'missing_asin', 'missing_asin', 'missing_asin', 'missing_asin', 'non_amazon_product_link', 'non_amazon_product_link', 'missing_asin', 'non_amazon_product_link', 'non_amazon_product_link', 'missing_asin', 'missing_asin', 'missing_asin', 'non_amazon_product_link', 'non_amazon_product_link', 'missing_asin', 'missing_asin', 'missing_asin', 'missing_asin', 'missing_asin', 'non_amazon_product_link', 'non_amazon_product_link', 'non_amazon_product_link', 'non_amazon_product_link', 'non_amazon_product_link', 'non_amazon_product_link', 'non_amazon_product_link', 'non_amazon_product_link', 'non_amazon_product_link', 'non_amazon_product_link', 'non_amazon_product_link', 'non_amazon_product_link', 'non_amazon_product_link', 'non_amazon_product_link', 'non_amazon_product_link', 'non_amazon_product_link', 'non_amazon_product_link', 'non_amazon_product_link', 'non_amazon_product_link', 'non_amazon_product_link', 'non_amazon_product_link', 'non_amazon_product_link', 'non_amazon_product_link', 'non_amazon_product_link', 'non_amazon_product_link', 'non_amazon_product_link', 'non_amazon_product_link', 'non_amazon_product_link', 'non_amazon_product_link', 'non_amazon_product_link', 'non_amazon_product_link', 'non_amazon_product_link', 'non_amazon_product_link', 'non_amazon_product_link', 'non_amazon_product_link', 'non_amazon_product_link', 'non_amazon_product_link', 'non_amazon_product_link', 'non_amazon_product_link', 'non_amazon_product_link', 'non_amazon_product_link', 'non_amazon_product_link', 'non_amazon_product_link', 'non_amazon_product_link', 'non_amazon_product_link', 'non_amazon_product_link', 'non_amazon_product_link', 'non_amazon_product_link', 'non_amazon_product_link', 'non_amazon_product_link', 'non_amazon_product_link', 'non_amazon_product_link', 'non_amazon_product_link', 'non_amazon_product_link', 'non_amazon_product_link', 'non_amazon_product_link', 'non_amazon_product_link', 'non_amazon_product_link', 'non_amazon_product_link', 'non_amazon_product_link', 'non_amazon_product_link', 'missing_asin', 'non_amazon_product_link', 'non_amazon_product_link', 'non_amazon_product_link', 'non_amazon_product_link', 'non_amazon_product_link', 'non_amazon_product_link', 'non_amazon_product_link', 'non_amazon_product_link', 'non_amazon_product_link']
2026-04-14 18:35:11,672 INFO jobs.daily_amazon_discovery amazon_discovery_page_fetched url=https://www.amazon.es/gp/bestsellers/ce-de-ec/ source_type=best_sellers raw=0 candidates=0 issues=['non_amazon_product_link', 'non_amazon_product_link', 'non_amazon_product_link', 'non_amazon_product_link', 'non_amazon_product_link', 'non_amazon_product_link', 'non_amazon_product_link', 'non_amazon_product_link', 'non_amazon_product_link', 'non_amazon_product_link', 'non_amazon_product_link', 'non_amazon_product_link', 'non_amazon_product_link', 'non_amazon_product_link', 'non_amazon_product_link', 'non_amazon_product_link', 'non_amazon_product_link', 'non_amazon_product_link', 'non_amazon_product_link', 'non_amazon_product_link', 'non_amazon_product_link', 'non_amazon_product_link', 'non_amazon_product_link', 'non_amazon_product_link', 'non_amazon_product_link', 'non_amazon_product_link', 'non_amazon_product_link', 'non_amazon_product_link', 'non_amazon_product_link', 'non_amazon_product_link', 'non_amazon_product_link', 'non_amazon_product_link', 'non_amazon_product_link', 'non_amazon_product_link', 'non_amazon_product_link', 'non_amazon_product_link', 'non_amazon_product_link', 'non_amazon_product_link', 'non_amazon_product_link', 'non_amazon_product_link', 'non_amazon_product_link', 'non_amazon_product_link', 'non_amazon_product_link', 'non_amazon_product_link', 'non_amazon_product_link', 'non_amazon_product_link', 'non_amazon_product_link', 'non_amazon_product_link', 'non_amazon_product_link', 'non_amazon_product_link', 'non_amazon_product_link', 'non_amazon_product_link', 'non_amazon_product_link', 'non_amazon_product_link', 'non_amazon_product_link', 'non_amazon_product_link', 'non_amazon_product_link', 'non_amazon_product_link', 'non_amazon_product_link', 'non_amazon_product_link', 'non_amazon_product_link', 'non_amazon_product_link', 'non_amazon_product_link', 'non_amazon_product_link', 'non_amazon_product_link', 'non_amazon_product_link', 'non_amazon_product_link', 'non_amazon_product_link', 'non_amazon_product_link', 'non_amazon_product_link', 'non_amazon_product_link', 'non_amazon_product_link', 'non_amazon_product_link', 'non_amazon_product_link', 'non_amazon_product_link', 'non_amazon_product_link', 'non_amazon_product_link', 'non_amazon_product_link', 'non_amazon_product_link', 'non_amazon_product_link', 'non_amazon_product_link', 'non_amazon_product_link', 'non_amazon_product_link', 'non_amazon_product_link', 'non_amazon_product_link', 'non_amazon_product_link', 'non_amazon_product_link', 'non_amazon_product_link', 'non_amazon_product_link', 'non_amazon_product_link', 'non_amazon_product_link', 'non_amazon_product_link', 'non_amazon_product_link', 'non_amazon_product_link', 'non_amazon_product_link', 'missing_asin', 'non_amazon_product_link', 'non_amazon_product_link', 'non_amazon_product_link', 'non_amazon_product_link', 'non_amazon_product_link', 'non_amazon_product_link', 'non_amazon_product_link', 'non_amazon_product_link', 'non_amazon_product_link']
2026-04-14 18:35:12,700 INFO jobs.daily_amazon_discovery amazon_discovery_page_fetched url=https://www.amazon.es/gp/movers-and-shakers/electronics/ source_type=movers_and_shakers raw=120 candidates=57 issues=['non_amazon_product_link', 'non_amazon_product_link', 'non_amazon_product_link', 'non_amazon_product_link', 'non_amazon_product_link', 'non_amazon_product_link', 'non_amazon_product_link', 'non_amazon_product_link', 'non_amazon_product_link', 'non_amazon_product_link', 'non_amazon_product_link', 'non_amazon_product_link', 'non_amazon_product_link', 'non_amazon_product_link', 'non_amazon_product_link', 'non_amazon_product_link', 'non_amazon_product_link', 'non_amazon_product_link', 'non_amazon_product_link', 'non_amazon_product_link', 'non_amazon_product_link', 'non_amazon_product_link', 'non_amazon_product_link', 'non_amazon_product_link', 'non_amazon_product_link', 'non_amazon_product_link', 'non_amazon_product_link', 'non_amazon_product_link', 'non_amazon_product_link', 'non_amazon_product_link', 'non_amazon_product_link', 'non_amazon_product_link', 'non_amazon_product_link', 'non_amazon_product_link', 'non_amazon_product_link', 'non_amazon_product_link', 'non_amazon_product_link', 'non_amazon_product_link', 'non_amazon_product_link', 'non_amazon_product_link', 'non_amazon_product_link', 'non_amazon_product_link', 'non_amazon_product_link', 'non_amazon_product_link', 'non_amazon_product_link', 'non_amazon_product_link', 'non_amazon_product_link', 'non_amazon_product_link', 'non_amazon_product_link', 'non_amazon_product_link', 'non_amazon_product_link', 'non_amazon_product_link', 'non_amazon_product_link', 'non_amazon_product_link', 'non_amazon_product_link', 'non_amazon_product_link', 'non_amazon_product_link', 'non_amazon_product_link', 'missing_asin', 'non_amazon_product_link', 'non_amazon_product_link', 'non_amazon_product_link', 'missing_asin', 'non_amazon_product_link', 'non_amazon_product_link', 'non_amazon_product_link', 'non_amazon_product_link', 'non_amazon_product_link', 'non_amazon_product_link', 'non_amazon_product_link', 'non_amazon_product_link', 'non_amazon_product_link', 'non_amazon_product_link', 'non_amazon_product_link', 'non_amazon_product_link', 'non_amazon_product_link', 'non_amazon_product_link', 'non_amazon_product_link', 'non_amazon_product_link', 'non_amazon_product_link', 'missing_asin', 'missing_asin', 'missing_asin', 'missing_asin', 'missing_asin', 'missing_asin', 'missing_asin', 'missing_asin', 'missing_asin', 'non_amazon_product_link', 'non_amazon_product_link', 'missing_asin', 'missing_asin', 'missing_asin', 'missing_asin', 'missing_asin', 'missing_asin', 'missing_asin', 'missing_asin', 'non_amazon_product_link', 'non_amazon_product_link', 'missing_asin', 'missing_asin', 'missing_asin', 'missing_asin', 'missing_asin', 'non_amazon_product_link', 'non_amazon_product_link', 'missing_asin', 'missing_asin', 'missing_asin', 'missing_asin', 'missing_asin', 'missing_asin', 'missing_asin', 'missing_asin', 'non_amazon_product_link', 'non_amazon_product_link', 'non_amazon_product_link', 'non_amazon_product_link', 'non_amazon_product_link', 'non_amazon_product_link', 'non_amazon_product_link', 'non_amazon_product_link', 'non_amazon_product_link', 'non_amazon_product_link', 'non_amazon_product_link', 'non_amazon_product_link', 'non_amazon_product_link', 'non_amazon_product_link', 'non_amazon_product_link', 'non_amazon_product_link', 'non_amazon_product_link', 'non_amazon_product_link', 'non_amazon_product_link', 'non_amazon_product_link', 'non_amazon_product_link', 'non_amazon_product_link', 'non_amazon_product_link', 'non_amazon_product_link', 'non_amazon_product_link', 'non_amazon_product_link', 'non_amazon_product_link', 'non_amazon_product_link', 'non_amazon_product_link', 'non_amazon_product_link', 'non_amazon_product_link', 'non_amazon_product_link', 'non_amazon_product_link', 'non_amazon_product_link', 'non_amazon_product_link', 'non_amazon_product_link', 'non_amazon_product_link', 'non_amazon_product_link', 'non_amazon_product_link', 'non_amazon_product_link', 'non_amazon_product_link', 'non_amazon_product_link', 'non_amazon_product_link', 'non_amazon_product_link', 'non_amazon_product_link', 'non_amazon_product_link', 'non_amazon_product_link', 'non_amazon_product_link', 'non_amazon_product_link', 'non_amazon_product_link', 'non_amazon_product_link', 'non_amazon_product_link', 'non_amazon_product_link', 'non_amazon_product_link', 'non_amazon_product_link', 'non_amazon_product_link', 'non_amazon_product_link', 'non_amazon_product_link', 'non_amazon_product_link', 'non_amazon_product_link', 'missing_asin', 'non_amazon_product_link', 'non_amazon_product_link', 'non_amazon_product_link', 'non_amazon_product_link', 'non_amazon_product_link', 'non_amazon_product_link', 'non_amazon_product_link', 'non_amazon_product_link', 'non_amazon_product_link']
2026-04-14 18:35:12,703 INFO jobs.daily_amazon_discovery amazon_discovery_quality status=healthy reasons=none accepted=60 rejected=11
2026-04-14 18:35:12,704 INFO jobs.daily_amazon_discovery amazon_discovery_complete urls=4 pages_fetched=4 raw_asins=360 accepted=60
2026-04-14 18:35:14,286 INFO jobs.daily_amazon_discovery amazon_discovery_ingest_starting asin_count=60 batch_size=10 total_batches=6
2026-04-14 18:35:14,288 INFO jobs.daily_amazon_discovery amazon_discovery_keepa_fetch_start batch=1/6 asins=['B0CQMWQDH4', 'B00LH3DMUO', 'B0DFHFM1X9', 'B09B8X9RGM', 'B07MLFBJG3', 'B007B9NXAC', 'B0F4548TCQ', 'B095CLQ1PT', 'B0F1TGSYJ6', 'B0BWCVYFLC']
2026-04-14 18:35:16,360 INFO jobs.daily_amazon_discovery amazon_discovery_keepa_fetch_done batch=1/6 elapsed_s=2.1 products_returned=10
2026-04-14 18:35:16,360 INFO jobs.daily_amazon_discovery amazon_discovery_preflight_start batch=1/6
2026-04-14 18:35:16,371 INFO jobs.daily_amazon_discovery amazon_discovery_preflight_done batch=1/6 elapsed_s=0.0 outcomes={'valid_and_enrichable': 10} accepted_products=10
2026-04-14 18:35:16,371 INFO jobs.daily_amazon_discovery amazon_discovery_ingest_start batch=1/6 product_count=10
2026-04-14 18:35:16,372 INFO jobs.daily_amazon_discovery amazon_discovery_txn_begin_start batch=1/6 product_count=10
2026-04-14 18:35:16,372 INFO jobs.daily_amazon_discovery amazon_discovery_txn_begin_done batch=1/6
2026-04-14 18:35:16,372 INFO jobs.daily_amazon_discovery amazon_discovery_stmt_timeout_set_start batch=1/6 timeout_ms=30000
2026-04-14 18:35:16,686 INFO jobs.daily_amazon_discovery amazon_discovery_stmt_timeout_set_done batch=1/6
2026-04-14 18:35:16,687 INFO jobs.daily_amazon_discovery amazon_discovery_service_ingest_call_start batch=1/6 source_slug=amazon-keepa
2026-04-14 18:35:57,208 INFO jobs.daily_amazon_discovery amazon_discovery_service_ingest_call_done batch=1/6 elapsed_s=40.52 accepted=10 rejected=0
2026-04-14 18:35:57,212 INFO jobs.daily_amazon_discovery amazon_discovery_explicit_flush_start batch=1/6
2026-04-14 18:35:57,212 INFO jobs.daily_amazon_discovery amazon_discovery_explicit_flush_done batch=1/6 elapsed_s=0.00
2026-04-14 18:35:57,292 INFO jobs.daily_amazon_discovery amazon_discovery_txn_closed batch=1/6 total_elapsed_s=40.92
2026-04-14 18:35:57,294 INFO jobs.daily_amazon_discovery amazon_discovery_batch_ingested batch=1/6 accepted=10 rejected=0
2026-04-14 18:35:57,295 INFO jobs.daily_amazon_discovery amazon_discovery_keepa_fetch_start batch=2/6 asins=['B0CDCL38KZ', 'B0FX9Y2PBR', 'B0CN41GMDK', 'B0DRCX34LQ', 'B0GHNGFXP5', 'B0F7ZFWVTC', 'B0CW4HD359', 'B09ZX7MS5B', 'B08X6DCJT2', 'B0C2S2J7JP']
2026-04-14 18:35:57,874 INFO jobs.daily_amazon_discovery amazon_discovery_keepa_fetch_done batch=2/6 elapsed_s=0.6 products_returned=10
2026-04-14 18:35:57,875 INFO jobs.daily_amazon_discovery amazon_discovery_preflight_start batch=2/6
2026-04-14 18:35:57,885 INFO jobs.daily_amazon_discovery amazon_discovery_preflight_done batch=2/6 elapsed_s=0.0 outcomes={'valid_and_enrichable': 10} accepted_products=10
2026-04-14 18:35:57,888 INFO jobs.daily_amazon_discovery amazon_discovery_ingest_start batch=2/6 product_count=10
2026-04-14 18:35:57,888 INFO jobs.daily_amazon_discovery amazon_discovery_txn_begin_start batch=2/6 product_count=10
2026-04-14 18:35:57,888 INFO jobs.daily_amazon_discovery amazon_discovery_txn_begin_done batch=2/6
2026-04-14 18:35:57,889 INFO jobs.daily_amazon_discovery amazon_discovery_stmt_timeout_set_start batch=2/6 timeout_ms=30000
2026-04-14 18:35:58,047 INFO jobs.daily_amazon_discovery amazon_discovery_stmt_timeout_set_done batch=2/6
2026-04-14 18:35:58,048 INFO jobs.daily_amazon_discovery amazon_discovery_service_ingest_call_start batch=2/6 source_slug=amazon-keepa
2026-04-14 18:36:19,050 INFO jobs.daily_amazon_discovery amazon_discovery_service_ingest_call_done batch=2/6 elapsed_s=21.00 accepted=10 rejected=0
2026-04-14 18:36:19,052 INFO jobs.daily_amazon_discovery amazon_discovery_explicit_flush_start batch=2/6
2026-04-14 18:36:19,052 INFO jobs.daily_amazon_discovery amazon_discovery_explicit_flush_done batch=2/6 elapsed_s=0.00
2026-04-14 18:36:19,127 INFO jobs.daily_amazon_discovery amazon_discovery_txn_closed batch=2/6 total_elapsed_s=21.24
2026-04-14 18:36:19,129 INFO jobs.daily_amazon_discovery amazon_discovery_batch_ingested batch=2/6 accepted=10 rejected=0
2026-04-14 18:36:19,130 INFO jobs.daily_amazon_discovery amazon_discovery_keepa_fetch_start batch=3/6 asins=['B07XLML2YS', 'B0GPD3CS8S', 'B00E3DVQFS', 'B00083CZCK', 'B07VP5X239', 'B0DZ75RKZH', 'B015CH1NAQ', 'B0CX9CVS9Q', 'B08X19VZN8', 'B0BGXZRKQN']
2026-04-14 18:36:19,979 INFO jobs.daily_amazon_discovery amazon_discovery_keepa_fetch_done batch=3/6 elapsed_s=0.8 products_returned=10
2026-04-14 18:36:19,979 INFO jobs.daily_amazon_discovery amazon_discovery_preflight_start batch=3/6
2026-04-14 18:36:20,024 INFO jobs.daily_amazon_discovery amazon_discovery_preflight_done batch=3/6 elapsed_s=0.0 outcomes={'valid_and_enrichable': 10} accepted_products=10
2026-04-14 18:36:20,025 INFO jobs.daily_amazon_discovery amazon_discovery_ingest_start batch=3/6 product_count=10
2026-04-14 18:36:20,026 INFO jobs.daily_amazon_discovery amazon_discovery_txn_begin_start batch=3/6 product_count=10
2026-04-14 18:36:20,026 INFO jobs.daily_amazon_discovery amazon_discovery_txn_begin_done batch=3/6
2026-04-14 18:36:20,026 INFO jobs.daily_amazon_discovery amazon_discovery_stmt_timeout_set_start batch=3/6 timeout_ms=30000
2026-04-14 18:36:20,184 INFO jobs.daily_amazon_discovery amazon_discovery_stmt_timeout_set_done batch=3/6
2026-04-14 18:36:20,184 INFO jobs.daily_amazon_discovery amazon_discovery_service_ingest_call_start batch=3/6 source_slug=amazon-keepa
2026-04-14 18:36:43,201 INFO jobs.daily_amazon_discovery amazon_discovery_service_ingest_call_done batch=3/6 elapsed_s=23.02 accepted=10 rejected=0
2026-04-14 18:36:43,203 INFO jobs.daily_amazon_discovery amazon_discovery_explicit_flush_start batch=3/6
2026-04-14 18:36:43,204 INFO jobs.daily_amazon_discovery amazon_discovery_explicit_flush_done batch=3/6 elapsed_s=0.00
2026-04-14 18:36:43,286 INFO jobs.daily_amazon_discovery amazon_discovery_txn_closed batch=3/6 total_elapsed_s=23.26
2026-04-14 18:36:43,287 INFO jobs.daily_amazon_discovery amazon_discovery_batch_ingested batch=3/6 accepted=10 rejected=0
2026-04-14 18:36:43,287 INFO jobs.daily_amazon_discovery amazon_discovery_keepa_fetch_start batch=4/6 asins=['B07YYJRXQR', 'B08GTYFC37', 'B00P8XQPY4', 'B0CL573PRH', 'B07RPVQY62', 'B098K3H92Z', 'B07SYB38Q8', 'B07BCP3PYL', 'B0FCSSNXT4', 'B0CPPKNRLJ']
2026-04-14 18:36:45,480 INFO jobs.daily_amazon_discovery amazon_discovery_keepa_fetch_done batch=4/6 elapsed_s=2.2 products_returned=10
2026-04-14 18:36:45,481 INFO jobs.daily_amazon_discovery amazon_discovery_preflight_start batch=4/6
2026-04-14 18:36:45,526 INFO jobs.daily_amazon_discovery amazon_discovery_preflight_done batch=4/6 elapsed_s=0.0 outcomes={'valid_and_enrichable': 10} accepted_products=10
2026-04-14 18:36:45,535 INFO jobs.daily_amazon_discovery amazon_discovery_ingest_start batch=4/6 product_count=10
2026-04-14 18:36:45,535 INFO jobs.daily_amazon_discovery amazon_discovery_txn_begin_start batch=4/6 product_count=10
2026-04-14 18:36:45,535 INFO jobs.daily_amazon_discovery amazon_discovery_txn_begin_done batch=4/6
2026-04-14 18:36:45,536 INFO jobs.daily_amazon_discovery amazon_discovery_stmt_timeout_set_start batch=4/6 timeout_ms=30000
2026-04-14 18:36:45,698 INFO jobs.daily_amazon_discovery amazon_discovery_stmt_timeout_set_done batch=4/6
2026-04-14 18:36:45,698 INFO jobs.daily_amazon_discovery amazon_discovery_service_ingest_call_start batch=4/6 source_slug=amazon-keepa
2026-04-14 18:37:16,651 INFO jobs.daily_amazon_discovery amazon_discovery_service_ingest_call_done batch=4/6 elapsed_s=30.95 accepted=10 rejected=0
2026-04-14 18:37:16,654 INFO jobs.daily_amazon_discovery amazon_discovery_explicit_flush_start batch=4/6
2026-04-14 18:37:16,655 INFO jobs.daily_amazon_discovery amazon_discovery_explicit_flush_done batch=4/6 elapsed_s=0.00
2026-04-14 18:37:16,735 INFO jobs.daily_amazon_discovery amazon_discovery_txn_closed batch=4/6 total_elapsed_s=31.20
2026-04-14 18:37:16,736 INFO jobs.daily_amazon_discovery amazon_discovery_batch_ingested batch=4/6 accepted=10 rejected=0
2026-04-14 18:37:16,737 INFO jobs.daily_amazon_discovery amazon_discovery_keepa_fetch_start batch=5/6 asins=['B0DZD9DCQC', 'B095SYK1R9', 'B0FKH7MNLW', 'B0G14W2ZWW', 'B01EXDG2MO', 'B0DH1CQ5RL', 'B0FBRC83SX', 'B0B6148YKN', 'B07CRG94G3', 'B0CK5ZQQXJ']
2026-04-14 18:37:18,504 INFO jobs.daily_amazon_discovery amazon_discovery_keepa_fetch_done batch=5/6 elapsed_s=1.8 products_returned=10
2026-04-14 18:37:18,505 INFO jobs.daily_amazon_discovery amazon_discovery_preflight_start batch=5/6
2026-04-14 18:37:18,519 INFO jobs.daily_amazon_discovery amazon_discovery_preflight_done batch=5/6 elapsed_s=0.0 outcomes={'valid_and_enrichable': 10} accepted_products=10
2026-04-14 18:37:18,524 INFO jobs.daily_amazon_discovery amazon_discovery_ingest_start batch=5/6 product_count=10
2026-04-14 18:37:18,525 INFO jobs.daily_amazon_discovery amazon_discovery_txn_begin_start batch=5/6 product_count=10
2026-04-14 18:37:18,525 INFO jobs.daily_amazon_discovery amazon_discovery_txn_begin_done batch=5/6
2026-04-14 18:37:18,525 INFO jobs.daily_amazon_discovery amazon_discovery_stmt_timeout_set_start batch=5/6 timeout_ms=30000
2026-04-14 18:37:18,677 INFO jobs.daily_amazon_discovery amazon_discovery_stmt_timeout_set_done batch=5/6
2026-04-14 18:37:18,678 INFO jobs.daily_amazon_discovery amazon_discovery_service_ingest_call_start batch=5/6 source_slug=amazon-keepa
2026-04-14 18:37:40,332 INFO jobs.daily_amazon_discovery amazon_discovery_service_ingest_call_done batch=5/6 elapsed_s=21.65 accepted=10 rejected=0
2026-04-14 18:37:40,335 INFO jobs.daily_amazon_discovery amazon_discovery_explicit_flush_start batch=5/6
2026-04-14 18:37:40,335 INFO jobs.daily_amazon_discovery amazon_discovery_explicit_flush_done batch=5/6 elapsed_s=0.00
2026-04-14 18:37:40,411 INFO jobs.daily_amazon_discovery amazon_discovery_txn_closed batch=5/6 total_elapsed_s=21.89
2026-04-14 18:37:40,413 INFO jobs.daily_amazon_discovery amazon_discovery_batch_ingested batch=5/6 accepted=10 rejected=0
2026-04-14 18:37:40,413 INFO jobs.daily_amazon_discovery amazon_discovery_keepa_fetch_start batch=6/6 asins=['B0DTHW2PPQ', 'B0DPHMRS9V', 'B0G2BRFB7W', 'B0GSVMN86R', 'B0G6D3MQ6Y', 'B082LJ9QSL', 'B07FW4CZZL', 'B0CXTL4DBP', 'B0GJZH9V76', 'B0F38FCHD2']
2026-04-14 18:37:42,129 INFO jobs.daily_amazon_discovery amazon_discovery_keepa_fetch_done batch=6/6 elapsed_s=1.7 products_returned=10
2026-04-14 18:37:42,130 INFO jobs.daily_amazon_discovery amazon_discovery_preflight_start batch=6/6
2026-04-14 18:37:42,143 INFO jobs.daily_amazon_discovery amazon_discovery_preflight_done batch=6/6 elapsed_s=0.0 outcomes={'valid_and_enrichable': 10} accepted_products=10
2026-04-14 18:37:42,146 INFO jobs.daily_amazon_discovery amazon_discovery_ingest_start batch=6/6 product_count=10
2026-04-14 18:37:42,146 INFO jobs.daily_amazon_discovery amazon_discovery_txn_begin_start batch=6/6 product_count=10
2026-04-14 18:37:42,146 INFO jobs.daily_amazon_discovery amazon_discovery_txn_begin_done batch=6/6
2026-04-14 18:37:42,146 INFO jobs.daily_amazon_discovery amazon_discovery_stmt_timeout_set_start batch=6/6 timeout_ms=30000
2026-04-14 18:37:42,366 INFO jobs.daily_amazon_discovery amazon_discovery_stmt_timeout_set_done batch=6/6
2026-04-14 18:37:42,367 INFO jobs.daily_amazon_discovery amazon_discovery_service_ingest_call_start batch=6/6 source_slug=amazon-keepa
2026-04-14 18:38:05,188 INFO jobs.daily_amazon_discovery amazon_discovery_service_ingest_call_done batch=6/6 elapsed_s=22.82 accepted=10 rejected=0
2026-04-14 18:38:05,191 INFO jobs.daily_amazon_discovery amazon_discovery_explicit_flush_start batch=6/6
2026-04-14 18:38:05,191 INFO jobs.daily_amazon_discovery amazon_discovery_explicit_flush_done batch=6/6 elapsed_s=0.00
2026-04-14 18:38:05,280 INFO jobs.daily_amazon_discovery amazon_discovery_txn_closed batch=6/6 total_elapsed_s=23.13
2026-04-14 18:38:05,281 INFO jobs.daily_amazon_discovery amazon_discovery_batch_ingested batch=6/6 accepted=10 rejected=0
2026-04-14 18:38:05,365 INFO jobs.daily_amazon_discovery amazon_discovery_ingest_summary total_batches=6 total_accepted=60 total_rejected=0 elapsed_s=171.1
2026-04-14 18:38:05,368 INFO jobs.daily_amazon_discovery amazon_discovery_ingest_complete total_asins=60 accepted=60 rejected=0
